08/05 12:31:02:  ========Process rank: -1, device: cuda:0，16-bits training: False========
08/05 12:31:49:  loss_449: 391.2894678604364, epoch 4: 110/113
08/05 12:32:00:  ========Process rank: -1, device: cuda:0，16-bits training: False========
08/05 12:33:12:  ========Process rank: -1, device: cuda:0，16-bits training: False========
08/05 12:34:03:  Eval loss: nan, Eval time: 15.651907
08/05 12:34:03:  ### EVAL RESULT: 1.000, 1.000, 1.000, 1.000 at 3
08/05 12:34:03:  ### BEST RESULT: 1.000, 1.000, 1.000, 1.000 at 3
08/05 12:34:31:  ========Process rank: -1, device: cuda:0，16-bits training: False========
08/05 12:35:22:  Eval loss: nan, Eval time: 15.484365
08/05 12:35:22:  ### EVAL RESULT: 1.000, 1.000, 1.000, 1.000 at 3
08/05 12:35:22:  ### BEST RESULT: 1.000, 1.000, 1.000, 1.000 at 3
08/05 12:35:44:  ========Process rank: -1, device: cuda:0，16-bits training: False========
08/05 12:36:27:  Eval loss: 139.27266148158483, Eval time: 15.306255
08/05 12:36:27:  ### EVAL RESULT: 0.055, 0.228, 0.378, 0.565 at 1
08/05 12:36:27:  ### BEST RESULT: 0.055, 0.228, 0.378, 0.565 at 1
08/05 12:36:56:  ========Process rank: -1, device: cuda:0，16-bits training: False========
08/05 12:37:43:  loss_449: 391.2894678604364, epoch 4: 110/113
08/05 12:38:02:  Eval loss: 57.52234338831018, Eval time: 15.002835
08/05 12:38:02:  ### EVAL RESULT: 0.355, 0.780, 0.878, 0.940 at 4
08/05 12:38:02:  ### BEST RESULT: 0.355, 0.780, 0.878, 0.940 at 4
08/05 12:38:31:  ========Process rank: -1, device: cuda:0，16-bits training: False========
08/05 12:39:18:  loss_449: 158.54833970781425, epoch 4: 110/113
08/05 12:39:36:  Eval loss: 30.883533619068288, Eval time: 15.008779
08/05 12:39:36:  ### EVAL RESULT: 0.597, 0.961, 0.981, 0.993 at 4
08/05 12:39:36:  ### BEST RESULT: 0.597, 0.961, 0.981, 0.993 at 4
08/05 12:40:03:  epoch 8, loss: 33.20064044689017
08/05 12:40:26:  Eval loss: 27.059696903935187, Eval time: 16.334070
08/05 12:40:26:  ### EVAL RESULT: 0.641, 0.968, 0.984, 0.995 at 8
08/05 12:40:26:  ### BEST RESULT: 0.641, 0.968, 0.984, 0.995 at 8
08/05 12:40:49:  epoch 12, loss: 26.89932632446289
08/05 12:41:15:  Eval loss: 25.295543529369212, Eval time: 16.398753
08/05 12:41:15:  ### EVAL RESULT: 0.632, 0.969, 0.986, 0.995 at 13
08/05 12:41:15:  ### BEST RESULT: 0.641, 0.968, 0.984, 0.995 at 8
08/05 12:41:35:  epoch 16, loss: 23.969374714025143
08/05 12:42:05:  Eval loss: 24.911580403645832, Eval time: 15.946772
08/05 12:42:05:  ### EVAL RESULT: 0.634, 0.970, 0.986, 0.994 at 17
08/05 12:42:05:  ### BEST RESULT: 0.641, 0.968, 0.984, 0.995 at 8
08/05 12:42:22:  epoch 20, loss: 22.54551770267614
08/05 12:42:56:  Eval loss: 24.97516095196759, Eval time: 16.784521
08/05 12:42:56:  ### EVAL RESULT: 0.655, 0.972, 0.986, 0.995 at 22
08/05 12:42:56:  ### BEST RESULT: 0.655, 0.972, 0.986, 0.995 at 22
08/05 12:43:09:  epoch 24, loss: 21.78762851791552
08/05 12:43:46:  Eval loss: 24.91135886863426, Eval time: 16.043526
08/05 12:43:46:  ### EVAL RESULT: 0.640, 0.973, 0.988, 0.996 at 26
08/05 12:43:46:  ### BEST RESULT: 0.655, 0.972, 0.986, 0.995 at 22
08/05 12:43:55:  epoch 28, loss: 21.34059740334152
08/05 12:44:35:  Eval loss: 25.096666124131943, Eval time: 15.299088
08/05 12:44:35:  ### EVAL RESULT: 0.653, 0.969, 0.987, 0.995 at 30
08/05 12:44:35:  ### BEST RESULT: 0.655, 0.972, 0.986, 0.995 at 22
08/05 12:44:41:  epoch 32, loss: 20.986775459850286
08/05 12:45:25:  Eval loss: 25.27880181206597, Eval time: 15.982766
08/05 12:45:25:  ### EVAL RESULT: 0.651, 0.974, 0.988, 0.995 at 35
08/05 12:45:25:  ### BEST RESULT: 0.655, 0.972, 0.986, 0.995 at 22
08/05 12:45:27:  epoch 36, loss: 20.74247179689811
08/05 12:45:57:  epoch 40, loss: 20.524681299460227
08/05 12:46:14:  Eval loss: 25.16677517361111, Eval time: 15.954015
08/05 12:46:14:  ### EVAL RESULT: 0.655, 0.972, 0.986, 0.995 at 39
08/05 12:46:14:  ### BEST RESULT: 0.655, 0.972, 0.986, 0.995 at 39
08/05 12:46:43:  epoch 44, loss: 20.332728736384674
08/05 12:47:04:  Eval loss: 25.508088288483798, Eval time: 16.895815
08/05 12:47:04:  ### EVAL RESULT: 0.642, 0.972, 0.987, 0.995 at 44
08/05 12:47:04:  ### BEST RESULT: 0.655, 0.972, 0.986, 0.995 at 39
08/05 12:47:30:  epoch 48, loss: 20.21121178013179
08/05 12:47:53:  Eval loss: 25.58276141131366, Eval time: 16.158170
08/05 12:47:53:  ### EVAL RESULT: 0.661, 0.972, 0.986, 0.994 at 48
08/05 12:47:53:  ### BEST RESULT: 0.661, 0.972, 0.986, 0.994 at 48
08/05 12:48:16:  epoch 52, loss: 20.082966003757807
08/05 12:48:43:  Eval loss: 25.76727520978009, Eval time: 15.640279
08/05 12:48:43:  ### EVAL RESULT: 0.650, 0.971, 0.988, 0.995 at 53
08/05 12:48:43:  ### BEST RESULT: 0.661, 0.972, 0.986, 0.994 at 48
08/05 12:49:02:  epoch 56, loss: 19.974215110320024
08/05 12:49:32:  Eval loss: 25.87725604021991, Eval time: 16.015220
08/05 12:49:32:  ### EVAL RESULT: 0.639, 0.970, 0.988, 0.995 at 57
08/05 12:49:32:  ### BEST RESULT: 0.661, 0.972, 0.986, 0.994 at 48
08/05 12:49:47:  epoch 60, loss: 19.862237513994586
08/05 12:50:21:  Eval loss: 25.80413140190972, Eval time: 15.887317
08/05 12:50:21:  ### EVAL RESULT: 0.651, 0.973, 0.987, 0.996 at 61
08/05 12:50:21:  ### BEST RESULT: 0.661, 0.972, 0.986, 0.994 at 48
08/05 12:50:33:  epoch 64, loss: 19.7659532593725
08/05 12:51:11:  Eval loss: 26.14072898582176, Eval time: 16.905996
08/05 12:51:11:  ### EVAL RESULT: 0.654, 0.973, 0.986, 0.996 at 66
08/05 12:51:11:  ### BEST RESULT: 0.661, 0.972, 0.986, 0.994 at 48
08/05 12:51:20:  epoch 68, loss: 19.679565552879282
08/05 12:52:01:  Eval loss: 26.023023817274307, Eval time: 15.410036
08/05 12:52:01:  ### EVAL RESULT: 0.646, 0.970, 0.987, 0.995 at 70
08/05 12:52:01:  ### BEST RESULT: 0.661, 0.972, 0.986, 0.994 at 48
08/05 12:52:06:  epoch 72, loss: 19.637722045116806
08/05 12:52:50:  Eval loss: 26.12505425347222, Eval time: 16.296180
08/05 12:52:50:  ### EVAL RESULT: 0.644, 0.972, 0.988, 0.996 at 75
08/05 12:52:50:  ### BEST RESULT: 0.661, 0.972, 0.986, 0.994 at 48
08/05 12:52:52:  epoch 76, loss: 19.545870630141092
08/05 12:53:22:  epoch 80, loss: 19.477660542341543
08/05 12:53:40:  Eval loss: 26.185386375144677, Eval time: 16.771500
08/05 12:53:40:  ### EVAL RESULT: 0.651, 0.970, 0.985, 0.994 at 79
08/05 12:53:40:  ### BEST RESULT: 0.661, 0.972, 0.986, 0.994 at 48
08/05 12:54:08:  epoch 84, loss: 19.428034737805746
08/05 12:54:29:  Eval loss: 26.258777759693288, Eval time: 16.001443
08/05 12:54:29:  ### EVAL RESULT: 0.646, 0.970, 0.986, 0.994 at 84
08/05 12:54:29:  ### BEST RESULT: 0.661, 0.972, 0.986, 0.994 at 48
08/05 12:54:55:  epoch 88, loss: 19.37172046058162
08/05 12:55:18:  Eval loss: 26.16155101634838, Eval time: 15.518924
08/05 12:55:18:  ### EVAL RESULT: 0.648, 0.970, 0.987, 0.995 at 88
08/05 12:55:18:  ### BEST RESULT: 0.661, 0.972, 0.986, 0.994 at 48
08/05 12:55:40:  epoch 92, loss: 19.34105045598971
08/05 12:56:08:  Eval loss: 26.361888744212962, Eval time: 15.958319
08/05 12:56:08:  ### EVAL RESULT: 0.652, 0.971, 0.987, 0.994 at 92
08/05 12:56:08:  ### BEST RESULT: 0.661, 0.972, 0.986, 0.994 at 48
08/05 12:56:26:  epoch 96, loss: 19.27896253250224
08/05 12:56:57:  Eval loss: 26.290095576533563, Eval time: 16.071622
08/05 12:56:57:  ### EVAL RESULT: 0.668, 0.971, 0.985, 0.995 at 97
08/05 12:56:57:  ### BEST RESULT: 0.668, 0.971, 0.985, 0.995 at 97
08/05 12:57:12:  epoch 100, loss: 19.228507774709858
08/05 12:57:47:  Eval loss: 26.42676685474537, Eval time: 16.635101
08/05 12:57:47:  ### EVAL RESULT: 0.655, 0.971, 0.987, 0.996 at 101
08/05 12:57:47:  ### BEST RESULT: 0.668, 0.971, 0.985, 0.995 at 97
08/05 12:57:59:  epoch 104, loss: 19.190605618109416
08/05 12:58:38:  Eval loss: 26.513868543836807, Eval time: 15.977427
08/05 12:58:38:  ### EVAL RESULT: 0.641, 0.974, 0.988, 0.995 at 106
08/05 12:58:38:  ### BEST RESULT: 0.668, 0.971, 0.985, 0.995 at 97
08/05 12:58:46:  epoch 108, loss: 19.137415259346398
08/05 12:59:27:  Eval loss: 26.41076886212384, Eval time: 16.586063
08/05 12:59:27:  ### EVAL RESULT: 0.651, 0.972, 0.986, 0.996 at 110
08/05 12:59:27:  ### BEST RESULT: 0.668, 0.971, 0.985, 0.995 at 97
08/05 12:59:32:  epoch 112, loss: 19.112566334102095
08/05 13:00:17:  Eval loss: 26.50138798466435, Eval time: 16.179128
08/05 13:00:17:  ### EVAL RESULT: 0.656, 0.971, 0.986, 0.995 at 115
08/05 13:00:17:  ### BEST RESULT: 0.668, 0.971, 0.985, 0.995 at 97
08/05 13:00:18:  epoch 116, loss: 19.070393487977025
08/05 13:00:49:  epoch 120, loss: 19.02675425608068
08/05 13:01:07:  Eval loss: 26.684583875868057, Eval time: 16.575634
08/05 13:01:07:  ### EVAL RESULT: 0.655, 0.974, 0.985, 0.995 at 119
08/05 13:01:07:  ### BEST RESULT: 0.668, 0.971, 0.985, 0.995 at 97
08/05 13:01:35:  epoch 124, loss: 18.99851573442829
08/05 13:01:57:  Eval loss: 26.61784080222801, Eval time: 16.217598
08/05 13:01:57:  ### EVAL RESULT: 0.656, 0.972, 0.986, 0.994 at 123
08/05 13:01:57:  ### BEST RESULT: 0.668, 0.971, 0.985, 0.995 at 97
08/05 13:02:21:  epoch 128, loss: 18.961071286275818
08/05 13:02:47:  Eval loss: 26.63399703414352, Eval time: 16.610726
08/05 13:02:47:  ### EVAL RESULT: 0.648, 0.972, 0.986, 0.996 at 128
08/05 13:02:47:  ### BEST RESULT: 0.668, 0.971, 0.985, 0.995 at 97
08/05 13:03:08:  epoch 132, loss: 18.93775282352167
08/05 13:03:37:  Eval loss: 26.76274956597222, Eval time: 16.374391
08/05 13:03:37:  ### EVAL RESULT: 0.666, 0.970, 0.987, 0.996 at 132
08/05 13:03:37:  ### BEST RESULT: 0.668, 0.971, 0.985, 0.995 at 97
08/05 13:03:54:  epoch 136, loss: 18.905234016129594
08/05 13:04:26:  Eval loss: 26.89434136284722, Eval time: 16.518687
08/05 13:04:26:  ### EVAL RESULT: 0.656, 0.972, 0.986, 0.995 at 137
08/05 13:04:26:  ### BEST RESULT: 0.668, 0.971, 0.985, 0.995 at 97
08/05 13:04:41:  epoch 140, loss: 18.877645335377988
08/05 13:05:16:  Eval loss: 26.86622902199074, Eval time: 16.163762
08/05 13:05:16:  ### EVAL RESULT: 0.654, 0.972, 0.988, 0.994 at 141
08/05 13:05:16:  ### BEST RESULT: 0.668, 0.971, 0.985, 0.995 at 97
08/05 13:05:27:  epoch 144, loss: 18.837976115849077
08/05 13:06:06:  Eval loss: 26.896434642650462, Eval time: 16.089335
08/05 13:06:06:  ### EVAL RESULT: 0.646, 0.970, 0.986, 0.995 at 146
08/05 13:06:06:  ### BEST RESULT: 0.668, 0.971, 0.985, 0.995 at 97
08/05 13:06:14:  epoch 148, loss: 18.81150047285254
08/05 13:06:57:  Eval loss: 26.870849609375, Eval time: 16.929921
08/05 13:06:57:  ### EVAL RESULT: 0.644, 0.972, 0.988, 0.995 at 150
08/05 13:06:57:  ### BEST RESULT: 0.668, 0.971, 0.985, 0.995 at 97
08/05 13:07:01:  epoch 151, loss: 18.79391215267054
08/05 13:07:46:  Eval loss: 26.955674913194443, Eval time: 15.400890
08/05 13:07:46:  ### EVAL RESULT: 0.676, 0.971, 0.986, 0.995 at 154
08/05 13:07:46:  ### BEST RESULT: 0.676, 0.971, 0.986, 0.995 at 154
08/05 13:07:46:  epoch 155, loss: 18.771776496700294
08/05 13:08:16:  epoch 159, loss: 18.73970355860109
08/05 13:08:35:  Eval loss: 27.04721634476273, Eval time: 16.416750
08/05 13:08:35:  ### EVAL RESULT: 0.665, 0.971, 0.986, 0.995 at 159
08/05 13:08:35:  ### BEST RESULT: 0.676, 0.971, 0.986, 0.995 at 154
08/05 13:09:02:  epoch 163, loss: 18.72142616730756
08/05 13:09:25:  Eval loss: 27.02428294994213, Eval time: 16.668067
08/05 13:09:25:  ### EVAL RESULT: 0.643, 0.972, 0.986, 0.995 at 163
08/05 13:09:25:  ### BEST RESULT: 0.676, 0.971, 0.986, 0.995 at 154
08/05 13:09:49:  epoch 167, loss: 18.70035729695004
08/05 13:10:15:  Eval loss: 26.94623028790509, Eval time: 15.515483
08/05 13:10:15:  ### EVAL RESULT: 0.653, 0.969, 0.985, 0.995 at 168
08/05 13:10:15:  ### BEST RESULT: 0.676, 0.971, 0.986, 0.995 at 154
08/05 13:10:35:  epoch 171, loss: 18.66817945467603
08/05 13:11:04:  Eval loss: 27.05155662254051, Eval time: 16.022908
08/05 13:11:04:  ### EVAL RESULT: 0.652, 0.971, 0.986, 0.995 at 172
08/05 13:11:04:  ### BEST RESULT: 0.676, 0.971, 0.986, 0.995 at 154
08/05 13:11:21:  epoch 175, loss: 18.653462781672488
08/05 13:11:54:  Eval loss: 27.17945240162037, Eval time: 17.011461
08/05 13:11:54:  ### EVAL RESULT: 0.635, 0.971, 0.985, 0.995 at 176
08/05 13:11:54:  ### BEST RESULT: 0.676, 0.971, 0.986, 0.995 at 154
08/05 13:12:08:  epoch 179, loss: 18.606005254460868
08/05 13:12:44:  Eval loss: 27.203617802372687, Eval time: 16.079260
08/05 13:12:44:  ### EVAL RESULT: 0.638, 0.971, 0.986, 0.995 at 181
08/05 13:12:44:  ### BEST RESULT: 0.676, 0.971, 0.986, 0.995 at 154
08/05 13:12:54:  epoch 183, loss: 18.608920906593646
08/05 13:13:33:  Eval loss: 27.07327609592014, Eval time: 15.669583
08/05 13:13:33:  ### EVAL RESULT: 0.659, 0.970, 0.986, 0.995 at 185
08/05 13:13:33:  ### BEST RESULT: 0.676, 0.971, 0.986, 0.995 at 154
08/05 13:13:40:  epoch 187, loss: 18.57752011560385
08/05 13:14:22:  Eval loss: 27.16666892722801, Eval time: 16.060170
08/05 13:14:22:  ### EVAL RESULT: 0.647, 0.971, 0.986, 0.995 at 190
08/05 13:14:22:  ### BEST RESULT: 0.676, 0.971, 0.986, 0.995 at 154
08/05 13:14:25:  epoch 191, loss: 18.578602359661282
08/05 13:15:12:  Eval loss: 27.29678683810764, Eval time: 16.109909
08/05 13:15:12:  ### EVAL RESULT: 0.649, 0.972, 0.988, 0.995 at 194
08/05 13:15:12:  ### BEST RESULT: 0.676, 0.971, 0.986, 0.995 at 154
08/05 13:15:12:  epoch 195, loss: 18.53597097248171
08/05 13:15:42:  epoch 199, loss: 18.532149482676076
08/05 13:16:02:  Eval loss: 27.24896014178241, Eval time: 16.953653
08/05 13:16:02:  ### EVAL RESULT: 0.642, 0.970, 0.985, 0.995 at 199
08/05 13:16:02:  ### BEST RESULT: 0.676, 0.971, 0.986, 0.995 at 154
08/05 13:16:29:  epoch 203, loss: 18.519659074218342
08/05 13:16:51:  Eval loss: 27.18937626591435, Eval time: 15.796892
08/05 13:16:51:  ### EVAL RESULT: 0.657, 0.971, 0.984, 0.995 at 203
08/05 13:16:51:  ### BEST RESULT: 0.676, 0.971, 0.986, 0.995 at 154
08/05 13:17:14:  epoch 207, loss: 18.48919528205039
08/05 13:17:40:  Eval loss: 27.19102195457176, Eval time: 15.527601
08/05 13:17:40:  ### EVAL RESULT: 0.657, 0.973, 0.986, 0.995 at 207
08/05 13:17:40:  ### BEST RESULT: 0.676, 0.971, 0.986, 0.995 at 154
08/05 13:18:00:  epoch 211, loss: 18.483111668270254
08/05 13:18:29:  Eval loss: 27.31230785228588, Eval time: 16.091400
08/05 13:18:29:  ### EVAL RESULT: 0.659, 0.971, 0.987, 0.995 at 212
08/05 13:18:29:  ### BEST RESULT: 0.676, 0.971, 0.986, 0.995 at 154
08/05 13:18:46:  epoch 215, loss: 18.47381712439862
08/05 13:19:19:  Eval loss: 27.357164171006943, Eval time: 15.908989
08/05 13:19:19:  ### EVAL RESULT: 0.642, 0.971, 0.987, 0.995 at 216
08/05 13:19:19:  ### BEST RESULT: 0.676, 0.971, 0.986, 0.995 at 154
08/05 13:19:32:  epoch 219, loss: 18.445300299765538
08/05 13:20:09:  Eval loss: 27.311485007957177, Eval time: 16.775188
08/05 13:20:09:  ### EVAL RESULT: 0.654, 0.973, 0.988, 0.996 at 221
08/05 13:20:09:  ### BEST RESULT: 0.676, 0.971, 0.986, 0.995 at 154
08/05 13:20:19:  epoch 223, loss: 18.425683393244753
08/05 13:20:59:  Eval loss: 27.348646375868057, Eval time: 16.207566
08/05 13:20:59:  ### EVAL RESULT: 0.632, 0.972, 0.986, 0.996 at 225
08/05 13:20:59:  ### BEST RESULT: 0.676, 0.971, 0.986, 0.995 at 154
08/05 13:21:05:  epoch 227, loss: 18.42373931646878
08/05 13:21:48:  Eval loss: 27.41885036892361, Eval time: 15.671157
08/05 13:21:48:  ### EVAL RESULT: 0.652, 0.972, 0.988, 0.995 at 230
08/05 13:21:48:  ### BEST RESULT: 0.676, 0.971, 0.986, 0.995 at 154
08/05 13:21:51:  epoch 231, loss: 18.392267724187974
08/05 13:22:22:  epoch 235, loss: 18.381915527887493
08/05 13:22:38:  Eval loss: 27.42822943793403, Eval time: 15.961512
08/05 13:22:38:  ### EVAL RESULT: 0.656, 0.972, 0.987, 0.995 at 234
08/05 13:22:38:  ### BEST RESULT: 0.676, 0.971, 0.986, 0.995 at 154
08/05 13:23:08:  epoch 239, loss: 18.381879445439193
08/05 13:23:28:  Eval loss: 27.402506510416668, Eval time: 16.135554
08/05 13:23:28:  ### EVAL RESULT: 0.660, 0.970, 0.987, 0.996 at 238
08/05 13:23:28:  ### BEST RESULT: 0.676, 0.971, 0.986, 0.995 at 154
08/05 13:23:55:  epoch 243, loss: 18.35090381902682
08/05 13:24:18:  Eval loss: 27.38695610894097, Eval time: 16.162298
08/05 13:24:18:  ### EVAL RESULT: 0.651, 0.970, 0.985, 0.995 at 243
08/05 13:24:18:  ### BEST RESULT: 0.676, 0.971, 0.986, 0.995 at 154
08/05 13:24:41:  epoch 247, loss: 18.335818717633696
08/05 13:25:08:  Eval loss: 27.369425455729168, Eval time: 16.765914
08/05 13:25:08:  ### EVAL RESULT: 0.658, 0.970, 0.988, 0.996 at 247
08/05 13:25:08:  ### BEST RESULT: 0.676, 0.971, 0.986, 0.995 at 154
08/05 13:25:28:  epoch 251, loss: 18.334639993170587
08/05 13:25:57:  Eval loss: 27.33270037615741, Eval time: 16.142183
08/05 13:25:57:  ### EVAL RESULT: 0.643, 0.971, 0.987, 0.996 at 252
08/05 13:25:57:  ### BEST RESULT: 0.676, 0.971, 0.986, 0.995 at 154
08/05 13:26:13:  epoch 255, loss: 18.320352800704853
08/05 13:26:46:  Eval loss: 27.40707736545139, Eval time: 15.630375
08/05 13:26:46:  ### EVAL RESULT: 0.658, 0.972, 0.987, 0.995 at 256
08/05 13:26:46:  ### BEST RESULT: 0.676, 0.971, 0.986, 0.995 at 154
08/05 13:26:59:  epoch 259, loss: 18.303952028066384
08/05 13:27:36:  Eval loss: 27.464796278211807, Eval time: 16.094194
08/05 13:27:36:  ### EVAL RESULT: 0.653, 0.972, 0.986, 0.995 at 261
08/05 13:27:36:  ### BEST RESULT: 0.676, 0.971, 0.986, 0.995 at 154
08/05 13:27:45:  epoch 263, loss: 18.291999604494904
08/05 13:28:26:  Eval loss: 27.37771945529514, Eval time: 15.679794
08/05 13:28:26:  ### EVAL RESULT: 0.654, 0.971, 0.987, 0.995 at 265
08/05 13:28:26:  ### BEST RESULT: 0.676, 0.971, 0.986, 0.995 at 154
08/05 13:28:31:  epoch 267, loss: 18.2746311264208
08/05 13:29:16:  Eval loss: 27.46511501736111, Eval time: 16.846595
08/05 13:29:16:  ### EVAL RESULT: 0.653, 0.970, 0.987, 0.995 at 269
08/05 13:29:16:  ### BEST RESULT: 0.676, 0.971, 0.986, 0.995 at 154
08/05 13:29:18:  epoch 271, loss: 18.264682340728147
08/05 13:29:48:  epoch 275, loss: 18.262143443050256
08/05 13:30:05:  Eval loss: 27.438264069733798, Eval time: 15.335824
08/05 13:30:05:  ### EVAL RESULT: 0.649, 0.972, 0.987, 0.996 at 274
08/05 13:30:05:  ### BEST RESULT: 0.676, 0.971, 0.986, 0.995 at 154
08/05 13:30:34:  epoch 279, loss: 18.248618280967253
08/05 13:30:54:  Eval loss: 27.434855143229168, Eval time: 16.309292
08/05 13:30:54:  ### EVAL RESULT: 0.654, 0.971, 0.987, 0.996 at 278
08/05 13:30:54:  ### BEST RESULT: 0.676, 0.971, 0.986, 0.995 at 154
08/05 13:31:20:  epoch 283, loss: 18.247501874554132
08/05 13:31:45:  Eval loss: 27.53490532769097, Eval time: 16.875237
08/05 13:31:45:  ### EVAL RESULT: 0.647, 0.970, 0.988, 0.996 at 283
08/05 13:31:45:  ### BEST RESULT: 0.676, 0.971, 0.986, 0.995 at 154
08/05 13:32:07:  epoch 287, loss: 18.235910853192642
08/05 13:32:34:  Eval loss: 27.495716236255788, Eval time: 15.504195
08/05 13:32:34:  ### EVAL RESULT: 0.656, 0.971, 0.987, 0.996 at 287
08/05 13:32:34:  ### BEST RESULT: 0.676, 0.971, 0.986, 0.995 at 154
08/05 13:32:52:  epoch 291, loss: 18.224239094485686
08/05 13:33:24:  Eval loss: 27.453757957175927, Eval time: 16.410440
08/05 13:33:24:  ### EVAL RESULT: 0.666, 0.972, 0.986, 0.996 at 292
08/05 13:33:24:  ### BEST RESULT: 0.676, 0.971, 0.986, 0.995 at 154
08/05 13:33:39:  epoch 295, loss: 18.211447773107174
08/05 13:34:13:  Eval loss: 27.467805085358798, Eval time: 16.411869
08/05 13:34:13:  ### EVAL RESULT: 0.651, 0.971, 0.986, 0.995 at 296
08/05 13:34:13:  ### BEST RESULT: 0.676, 0.971, 0.986, 0.995 at 154
08/05 13:34:25:  epoch 299, loss: 18.207533541129266
08/05 13:34:40:   global_step = 33900, average loss = 21.241670052604338
08/05 14:09:19:  ========Process rank: -1, device: cuda:0，16-bits training: False========
08/05 14:10:02:  loss_449: 148.83304770114958, epoch 4: 110/113
08/05 14:10:20:  Eval loss: 32.31061921296296, Eval time: 14.835093
08/05 14:10:20:  ### EVAL RESULT: 0.436, 0.777, 0.858, 0.925 at 4
08/05 14:10:20:  ### BEST RESULT: 0.436, 0.777, 0.858, 0.925 at 4
08/05 14:10:44:  epoch 8, loss: 34.89180192756228
08/05 14:11:07:  Eval loss: 28.34332953559028, Eval time: 16.404704
08/05 14:11:07:  ### EVAL RESULT: 0.484, 0.822, 0.886, 0.943 at 8
08/05 14:11:07:  ### BEST RESULT: 0.484, 0.822, 0.886, 0.943 at 8
08/05 14:11:27:  epoch 12, loss: 30.177179803827027
08/05 14:11:53:  Eval loss: 27.185454191984952, Eval time: 16.622520
08/05 14:11:53:  ### EVAL RESULT: 0.468, 0.828, 0.895, 0.945 at 13
08/05 14:11:53:  ### BEST RESULT: 0.484, 0.822, 0.886, 0.943 at 8
08/05 14:12:11:  epoch 16, loss: 28.11598807931743
08/05 14:12:39:  Eval loss: 26.68999565972222, Eval time: 16.040530
08/05 14:12:39:  ### EVAL RESULT: 0.487, 0.834, 0.897, 0.947 at 17
08/05 14:12:39:  ### BEST RESULT: 0.487, 0.834, 0.897, 0.947 at 17
08/05 14:12:54:  epoch 20, loss: 26.86028246040599
08/05 14:13:25:  Eval loss: 26.778795030381943, Eval time: 16.629353
08/05 14:13:25:  ### EVAL RESULT: 0.478, 0.828, 0.896, 0.946 at 22
08/05 14:13:25:  ### BEST RESULT: 0.487, 0.834, 0.897, 0.947 at 17
08/05 14:13:36:  epoch 24, loss: 25.968015203497192
08/05 14:14:11:  Eval loss: 26.649506745515048, Eval time: 16.271868
08/05 14:14:11:  ### EVAL RESULT: 0.502, 0.834, 0.899, 0.946 at 26
08/05 14:14:11:  ### BEST RESULT: 0.502, 0.834, 0.899, 0.946 at 26
08/05 14:14:20:  epoch 28, loss: 25.281586988997088
08/05 14:14:57:  Eval loss: 26.634186921296298, Eval time: 16.655217
08/05 14:14:57:  ### EVAL RESULT: 0.475, 0.833, 0.898, 0.947 at 30
08/05 14:14:57:  ### BEST RESULT: 0.502, 0.834, 0.899, 0.946 at 26
08/05 14:15:03:  epoch 32, loss: 24.76504777428302
08/05 14:15:43:  Eval loss: 26.72688349971065, Eval time: 16.324227
08/05 14:15:43:  ### EVAL RESULT: 0.483, 0.829, 0.898, 0.946 at 35
08/05 14:15:43:  ### BEST RESULT: 0.502, 0.834, 0.899, 0.946 at 26
08/05 14:15:46:  epoch 36, loss: 24.412501651619483
08/05 14:16:12:  epoch 40, loss: 24.137991588736963
08/05 14:16:29:  Eval loss: 26.67583550347222, Eval time: 16.164171
08/05 14:16:29:  ### EVAL RESULT: 0.487, 0.825, 0.897, 0.947 at 39
08/05 14:16:29:  ### BEST RESULT: 0.502, 0.834, 0.899, 0.946 at 26
08/05 14:16:55:  epoch 44, loss: 23.867017478348153
08/05 14:17:15:  Eval loss: 26.83001030815972, Eval time: 16.936848
08/05 14:17:15:  ### EVAL RESULT: 0.485, 0.832, 0.894, 0.945 at 44
08/05 14:17:15:  ### BEST RESULT: 0.502, 0.834, 0.899, 0.946 at 26
08/05 14:17:39:  epoch 48, loss: 23.716722322731613
08/05 14:18:01:  Eval loss: 26.780644169560187, Eval time: 15.507636
08/05 14:18:01:  ### EVAL RESULT: 0.485, 0.832, 0.899, 0.946 at 48
08/05 14:18:01:  ### BEST RESULT: 0.502, 0.834, 0.899, 0.946 at 26
08/05 14:18:20:  epoch 52, loss: 23.537123788438556
08/05 14:18:46:  Eval loss: 26.91324417679398, Eval time: 16.571369
08/05 14:18:46:  ### EVAL RESULT: 0.474, 0.836, 0.898, 0.945 at 53
08/05 14:18:46:  ### BEST RESULT: 0.502, 0.834, 0.899, 0.946 at 26
08/05 14:19:03:  epoch 56, loss: 23.3760617559896
08/05 14:19:33:  Eval loss: 26.88237621166088, Eval time: 16.652033
08/05 14:19:33:  ### EVAL RESULT: 0.479, 0.829, 0.898, 0.943 at 57
08/05 14:19:33:  ### BEST RESULT: 0.502, 0.834, 0.899, 0.946 at 26
08/05 14:19:47:  epoch 60, loss: 23.240115354746116
08/05 14:20:19:  Eval loss: 26.93929714626736, Eval time: 16.139615
08/05 14:20:19:  ### EVAL RESULT: 0.475, 0.830, 0.897, 0.948 at 61
08/05 14:20:19:  ### BEST RESULT: 0.502, 0.834, 0.899, 0.946 at 26
08/05 14:20:30:  epoch 64, loss: 23.16845597774786
08/05 14:21:05:  Eval loss: 27.12829815899884, Eval time: 16.591948
08/05 14:21:05:  ### EVAL RESULT: 0.458, 0.830, 0.898, 0.946 at 66
08/05 14:21:05:  ### BEST RESULT: 0.502, 0.834, 0.899, 0.946 at 26
08/05 14:21:13:  epoch 68, loss: 23.047953922127295
08/05 14:21:51:  Eval loss: 27.117024739583332, Eval time: 16.188649
08/05 14:21:51:  ### EVAL RESULT: 0.467, 0.828, 0.899, 0.944 at 70
08/05 14:21:51:  ### BEST RESULT: 0.502, 0.834, 0.899, 0.946 at 26
08/05 14:21:56:  epoch 72, loss: 22.935381772523467
08/05 14:22:37:  Eval loss: 27.079420301649307, Eval time: 16.122356
08/05 14:22:37:  ### EVAL RESULT: 0.470, 0.831, 0.897, 0.944 at 75
08/05 14:22:37:  ### BEST RESULT: 0.502, 0.834, 0.899, 0.946 at 26
08/05 14:22:39:  epoch 76, loss: 22.87228391005892
08/05 14:23:06:  epoch 80, loss: 22.770597143534296
08/05 14:23:24:  Eval loss: 27.1566320348669, Eval time: 16.991463
08/05 14:23:24:  ### EVAL RESULT: 0.479, 0.830, 0.897, 0.945 at 79
08/05 14:23:24:  ### BEST RESULT: 0.502, 0.834, 0.899, 0.946 at 26
08/05 14:23:50:  epoch 84, loss: 22.72519329555316
08/05 14:24:10:  Eval loss: 27.04925311053241, Eval time: 15.441394
08/05 14:24:10:  ### EVAL RESULT: 0.475, 0.827, 0.899, 0.945 at 84
08/05 14:24:10:  ### BEST RESULT: 0.502, 0.834, 0.899, 0.946 at 26
08/05 14:24:32:  epoch 88, loss: 22.643436232229117
08/05 14:24:56:  Eval loss: 27.2736974645544, Eval time: 16.599433
08/05 14:24:56:  ### EVAL RESULT: 0.472, 0.829, 0.898, 0.946 at 88
08/05 14:24:56:  ### BEST RESULT: 0.502, 0.834, 0.899, 0.946 at 26
08/05 14:25:15:  epoch 92, loss: 22.57432062535615
08/05 14:25:42:  Eval loss: 27.22201199001736, Eval time: 16.583735
08/05 14:25:42:  ### EVAL RESULT: 0.480, 0.826, 0.900, 0.947 at 92
08/05 14:25:42:  ### BEST RESULT: 0.502, 0.834, 0.899, 0.946 at 26
08/05 14:25:59:  epoch 96, loss: 22.51754812567696
08/05 14:26:28:  Eval loss: 27.21285671657986, Eval time: 16.061300
08/05 14:26:28:  ### EVAL RESULT: 0.461, 0.822, 0.895, 0.943 at 97
08/05 14:26:28:  ### BEST RESULT: 0.502, 0.834, 0.899, 0.946 at 26
08/05 14:26:41:  epoch 100, loss: 22.447640913897473
08/05 14:27:14:  Eval loss: 27.31750262225116, Eval time: 16.618500
08/05 14:27:14:  ### EVAL RESULT: 0.475, 0.829, 0.900, 0.947 at 101
08/05 14:27:14:  ### BEST RESULT: 0.502, 0.834, 0.899, 0.946 at 26
08/05 14:27:24:  epoch 104, loss: 22.369380963671713
08/05 14:28:00:  Eval loss: 27.44678638599537, Eval time: 16.319530
08/05 14:28:00:  ### EVAL RESULT: 0.479, 0.824, 0.895, 0.945 at 106
08/05 14:28:00:  ### BEST RESULT: 0.502, 0.834, 0.899, 0.946 at 26
08/05 14:28:07:  epoch 108, loss: 22.313363808035053
08/05 14:28:46:  Eval loss: 27.36196334273727, Eval time: 16.063304
08/05 14:28:46:  ### EVAL RESULT: 0.457, 0.829, 0.897, 0.947 at 110
08/05 14:28:46:  ### BEST RESULT: 0.502, 0.834, 0.899, 0.946 at 26
08/05 14:28:50:  epoch 112, loss: 22.30633503716348
08/05 14:29:33:  Eval loss: 27.487438060619212, Eval time: 17.039775
08/05 14:29:33:  ### EVAL RESULT: 0.474, 0.824, 0.896, 0.944 at 115
08/05 14:29:33:  ### BEST RESULT: 0.502, 0.834, 0.899, 0.946 at 26
08/05 14:29:34:  epoch 116, loss: 22.244452737753004
08/05 14:30:01:  epoch 120, loss: 22.186135264441273
08/05 14:30:19:  Eval loss: 27.44339328342014, Eval time: 15.532734
08/05 14:30:19:  ### EVAL RESULT: 0.468, 0.824, 0.895, 0.944 at 119
08/05 14:30:19:  ### BEST RESULT: 0.502, 0.834, 0.899, 0.946 at 26
08/05 14:30:43:  epoch 124, loss: 22.13960230005345
08/05 14:31:04:  Eval loss: 27.44768382884838, Eval time: 16.489999
08/05 14:31:04:  ### EVAL RESULT: 0.469, 0.827, 0.896, 0.943 at 123
08/05 14:31:04:  ### BEST RESULT: 0.502, 0.834, 0.899, 0.946 at 26
08/05 14:31:27:  epoch 128, loss: 22.109146938026615
08/05 14:31:51:  Eval loss: 27.479767975983798, Eval time: 16.669030
08/05 14:31:51:  ### EVAL RESULT: 0.468, 0.824, 0.897, 0.944 at 128
08/05 14:31:51:  ### BEST RESULT: 0.502, 0.834, 0.899, 0.946 at 26
08/05 14:32:10:  epoch 132, loss: 22.07342420973066
08/05 14:32:36:  Eval loss: 27.535868326822918, Eval time: 15.529086
08/05 14:32:36:  ### EVAL RESULT: 0.464, 0.829, 0.896, 0.945 at 132
08/05 14:32:36:  ### BEST RESULT: 0.502, 0.834, 0.899, 0.946 at 26
08/05 14:32:52:  epoch 136, loss: 22.046427966757182
08/05 14:33:22:  Eval loss: 27.55109320746528, Eval time: 16.788792
08/05 14:33:22:  ### EVAL RESULT: 0.469, 0.824, 0.895, 0.944 at 137
08/05 14:33:22:  ### BEST RESULT: 0.502, 0.834, 0.899, 0.946 at 26
08/05 14:33:35:  epoch 140, loss: 22.004463187304797
08/05 14:34:08:  Eval loss: 27.569184479890048, Eval time: 15.676851
08/05 14:34:08:  ### EVAL RESULT: 0.472, 0.828, 0.894, 0.945 at 141
08/05 14:34:08:  ### BEST RESULT: 0.502, 0.834, 0.899, 0.946 at 26
08/05 14:34:17:  epoch 144, loss: 21.971728976956985
08/05 14:34:54:  Eval loss: 27.69962791160301, Eval time: 16.136705
08/05 14:34:54:  ### EVAL RESULT: 0.456, 0.822, 0.895, 0.944 at 146
08/05 14:34:54:  ### BEST RESULT: 0.502, 0.834, 0.899, 0.946 at 26
08/05 14:35:00:  epoch 148, loss: 21.931744445936715
08/05 14:35:40:  Eval loss: 27.78985821759259, Eval time: 16.952556
08/05 14:35:40:  ### EVAL RESULT: 0.469, 0.828, 0.896, 0.945 at 150
08/05 14:35:40:  ### BEST RESULT: 0.502, 0.834, 0.899, 0.946 at 26
08/05 14:35:43:  epoch 151, loss: 21.910031235828697
08/05 14:36:26:  Eval loss: 27.683327003761573, Eval time: 16.126180
08/05 14:36:26:  ### EVAL RESULT: 0.452, 0.827, 0.896, 0.946 at 154
08/05 14:36:26:  ### BEST RESULT: 0.502, 0.834, 0.899, 0.946 at 26
08/05 14:36:26:  epoch 155, loss: 21.858327156185837
08/05 14:36:53:  epoch 159, loss: 21.81639530717132
08/05 14:37:11:  Eval loss: 27.71309859664352, Eval time: 15.607874
08/05 14:37:11:  ### EVAL RESULT: 0.463, 0.827, 0.895, 0.945 at 159
08/05 14:37:11:  ### BEST RESULT: 0.502, 0.834, 0.899, 0.946 at 26
08/05 14:37:35:  epoch 163, loss: 21.81420359792051
08/05 14:37:57:  Eval loss: 27.74079273365162, Eval time: 16.130903
08/05 14:37:57:  ### EVAL RESULT: 0.468, 0.825, 0.895, 0.945 at 163
08/05 14:37:57:  ### BEST RESULT: 0.502, 0.834, 0.899, 0.946 at 26
08/05 14:38:18:  epoch 167, loss: 21.763001367615697
08/05 14:38:42:  Eval loss: 27.716783311631943, Eval time: 16.114222
08/05 14:38:42:  ### EVAL RESULT: 0.459, 0.822, 0.895, 0.944 at 168
08/05 14:38:42:  ### BEST RESULT: 0.502, 0.834, 0.899, 0.946 at 26
08/05 14:39:01:  epoch 171, loss: 21.73975864656784
08/05 14:39:30:  Eval loss: 27.77693232783565, Eval time: 16.717215
08/05 14:39:30:  ### EVAL RESULT: 0.463, 0.824, 0.894, 0.945 at 172
08/05 14:39:30:  ### BEST RESULT: 0.502, 0.834, 0.899, 0.946 at 26
08/05 14:39:45:  epoch 175, loss: 21.710069223076836
08/05 14:40:15:  Eval loss: 27.77246771918403, Eval time: 16.157213
08/05 14:40:15:  ### EVAL RESULT: 0.464, 0.823, 0.895, 0.946 at 176
08/05 14:40:15:  ### BEST RESULT: 0.502, 0.834, 0.899, 0.946 at 26
08/05 14:40:27:  epoch 179, loss: 21.65640242646691
08/05 14:41:01:  Eval loss: 27.74078595196759, Eval time: 16.620078
08/05 14:41:01:  ### EVAL RESULT: 0.470, 0.824, 0.894, 0.945 at 181
08/05 14:41:01:  ### BEST RESULT: 0.502, 0.834, 0.899, 0.946 at 26
08/05 14:41:10:  epoch 183, loss: 21.66518491307452
08/05 14:41:47:  Eval loss: 27.780121979890048, Eval time: 16.219416
08/05 14:41:47:  ### EVAL RESULT: 0.468, 0.825, 0.894, 0.943 at 185
08/05 14:41:47:  ### BEST RESULT: 0.502, 0.834, 0.899, 0.946 at 26
08/05 14:41:53:  epoch 187, loss: 21.6389867659401
08/05 14:42:33:  Eval loss: 27.705910011574073, Eval time: 16.658649
08/05 14:42:33:  ### EVAL RESULT: 0.455, 0.821, 0.894, 0.944 at 190
08/05 14:42:33:  ### BEST RESULT: 0.502, 0.834, 0.899, 0.946 at 26
08/05 14:42:36:  epoch 191, loss: 21.623917959846207
08/05 14:43:19:  Eval loss: 27.846648039641202, Eval time: 16.214805
08/05 14:43:19:  ### EVAL RESULT: 0.449, 0.821, 0.895, 0.944 at 194
08/05 14:43:19:  ### BEST RESULT: 0.502, 0.834, 0.899, 0.946 at 26
08/05 14:43:19:  epoch 195, loss: 21.590164188818306
08/05 14:43:46:  epoch 199, loss: 21.588495921451425
08/05 14:44:05:  Eval loss: 27.874235930266202, Eval time: 16.134745
08/05 14:44:05:  ### EVAL RESULT: 0.455, 0.823, 0.895, 0.943 at 199
08/05 14:44:05:  ### BEST RESULT: 0.502, 0.834, 0.899, 0.946 at 26
08/05 14:44:28:  epoch 203, loss: 21.53416499369394
08/05 14:44:51:  Eval loss: 27.914763274016202, Eval time: 16.668011
08/05 14:44:51:  ### EVAL RESULT: 0.464, 0.822, 0.892, 0.944 at 203
08/05 14:44:51:  ### BEST RESULT: 0.502, 0.834, 0.899, 0.946 at 26
08/05 14:45:11:  epoch 207, loss: 21.522225930058877
08/05 14:45:36:  Eval loss: 27.81348560474537, Eval time: 16.345536
08/05 14:45:36:  ### EVAL RESULT: 0.458, 0.824, 0.897, 0.943 at 207
08/05 14:45:36:  ### BEST RESULT: 0.502, 0.834, 0.899, 0.946 at 26
08/05 14:45:54:  epoch 211, loss: 21.480690444232625
08/05 14:46:22:  Eval loss: 27.93773735894097, Eval time: 16.699694
08/05 14:46:22:  ### EVAL RESULT: 0.475, 0.824, 0.896, 0.943 at 212
08/05 14:46:22:  ### BEST RESULT: 0.502, 0.834, 0.899, 0.946 at 26
08/05 14:46:37:  epoch 215, loss: 21.492180949595564
08/05 14:47:09:  Eval loss: 27.945789478443288, Eval time: 16.281108
08/05 14:47:09:  ### EVAL RESULT: 0.461, 0.819, 0.894, 0.945 at 216
08/05 14:47:09:  ### BEST RESULT: 0.502, 0.834, 0.899, 0.946 at 26
08/05 14:47:20:  epoch 219, loss: 21.470303728745083
08/05 14:47:54:  Eval loss: 27.92022931134259, Eval time: 16.150697
08/05 14:47:54:  ### EVAL RESULT: 0.461, 0.818, 0.890, 0.945 at 221
08/05 14:47:54:  ### BEST RESULT: 0.502, 0.834, 0.899, 0.946 at 26
08/05 14:48:03:  epoch 223, loss: 21.43713472362085
08/05 14:48:32:  ========Process rank: -1, device: cuda:0，16-bits training: False========
08/05 14:49:28:  ========Process rank: -1, device: cuda:0，16-bits training: False========
08/05 14:50:15:  loss_449: 160.8811136513351, epoch 4: 110/113
08/05 14:50:33:  Eval loss: 30.152305320457177, Eval time: 14.823052
08/05 14:50:33:  ### EVAL RESULT: 0.626, 0.960, 0.981, 0.991 at 4
08/05 14:50:33:  ### BEST RESULT: 0.626, 0.960, 0.981, 0.991 at 4
08/05 14:51:00:  epoch 8, loss: 32.34139215176249
08/05 14:51:23:  Eval loss: 26.12863498263889, Eval time: 16.231167
08/05 14:51:23:  ### EVAL RESULT: 0.634, 0.970, 0.987, 0.995 at 8
08/05 14:51:23:  ### BEST RESULT: 0.634, 0.970, 0.987, 0.995 at 8
08/05 14:51:47:  epoch 12, loss: 26.1819526825291
08/05 14:52:13:  Eval loss: 24.07693142361111, Eval time: 16.306207
08/05 14:52:13:  ### EVAL RESULT: 0.637, 0.970, 0.986, 0.996 at 13
08/05 14:52:13:  ### BEST RESULT: 0.637, 0.970, 0.986, 0.996 at 13
08/05 14:52:33:  epoch 16, loss: 23.15357073590591
08/05 14:53:02:  Eval loss: 23.87887234157986, Eval time: 15.531273
08/05 14:53:02:  ### EVAL RESULT: 0.655, 0.972, 0.990, 0.995 at 17
08/05 14:53:02:  ### BEST RESULT: 0.655, 0.972, 0.990, 0.995 at 17
08/05 14:53:19:  epoch 20, loss: 21.56193142319575
08/05 14:53:53:  Eval loss: 24.018086751302082, Eval time: 16.686888
08/05 14:53:53:  ### EVAL RESULT: 0.667, 0.972, 0.988, 0.996 at 22
08/05 14:53:53:  ### BEST RESULT: 0.667, 0.972, 0.988, 0.996 at 22
08/05 14:54:06:  epoch 24, loss: 20.763639747432716
08/05 14:54:43:  Eval loss: 23.92083966290509, Eval time: 15.838941
08/05 14:54:43:  ### EVAL RESULT: 0.666, 0.970, 0.987, 0.996 at 26
08/05 14:54:43:  ### BEST RESULT: 0.667, 0.972, 0.988, 0.996 at 22
08/05 14:54:53:  epoch 28, loss: 20.24934851087812
08/05 14:55:32:  Eval loss: 24.15292697482639, Eval time: 15.264822
08/05 14:55:32:  ### EVAL RESULT: 0.655, 0.973, 0.989, 0.996 at 30
08/05 14:55:32:  ### BEST RESULT: 0.667, 0.972, 0.988, 0.996 at 22
08/05 14:55:39:  epoch 32, loss: 19.871350702570382
08/05 14:56:22:  Eval loss: 24.314912018952548, Eval time: 15.925906
08/05 14:56:22:  ### EVAL RESULT: 0.663, 0.969, 0.986, 0.996 at 35
08/05 14:56:22:  ### BEST RESULT: 0.667, 0.972, 0.988, 0.996 at 22
08/05 14:56:25:  epoch 36, loss: 19.611919700435646
08/05 14:56:55:  epoch 40, loss: 19.393188485058484
08/05 14:57:12:  Eval loss: 24.401014539930557, Eval time: 15.733652
08/05 14:57:12:  ### EVAL RESULT: 0.657, 0.971, 0.987, 0.994 at 39
08/05 14:57:12:  ### BEST RESULT: 0.667, 0.972, 0.988, 0.996 at 22
08/05 14:57:41:  epoch 44, loss: 19.194460985655244
08/05 14:58:02:  Eval loss: 24.55422634548611, Eval time: 16.803766
08/05 14:58:02:  ### EVAL RESULT: 0.657, 0.971, 0.988, 0.995 at 44
08/05 14:58:02:  ### BEST RESULT: 0.667, 0.972, 0.988, 0.996 at 22
08/05 14:58:28:  epoch 48, loss: 19.063000239348888
08/05 14:58:52:  Eval loss: 24.58040138527199, Eval time: 16.025529
08/05 14:58:52:  ### EVAL RESULT: 0.660, 0.971, 0.987, 0.995 at 48
08/05 14:58:52:  ### BEST RESULT: 0.667, 0.972, 0.988, 0.996 at 22
08/05 14:59:15:  epoch 52, loss: 18.930583743581792
08/05 14:59:41:  Eval loss: 24.595070167824073, Eval time: 15.334029
08/05 14:59:41:  ### EVAL RESULT: 0.655, 0.975, 0.988, 0.995 at 53
08/05 14:59:41:  ### BEST RESULT: 0.667, 0.972, 0.988, 0.996 at 22
08/05 15:00:01:  epoch 56, loss: 18.8189869479241
08/05 15:00:31:  Eval loss: 24.71079056351273, Eval time: 15.928699
08/05 15:00:31:  ### EVAL RESULT: 0.665, 0.969, 0.988, 0.995 at 57
08/05 15:00:31:  ### BEST RESULT: 0.667, 0.972, 0.988, 0.996 at 22
08/05 15:00:47:  epoch 60, loss: 18.693247168526085
08/05 15:01:21:  Eval loss: 24.71918628833912, Eval time: 15.668146
08/05 15:01:21:  ### EVAL RESULT: 0.667, 0.970, 0.988, 0.995 at 61
08/05 15:01:21:  ### BEST RESULT: 0.667, 0.970, 0.988, 0.995 at 61
08/05 15:01:33:  epoch 64, loss: 18.617063705002543
08/05 15:02:11:  Eval loss: 24.883576569733798, Eval time: 16.735117
08/05 15:02:11:  ### EVAL RESULT: 0.676, 0.969, 0.987, 0.996 at 66
08/05 15:02:11:  ### BEST RESULT: 0.676, 0.969, 0.987, 0.996 at 66
08/05 15:02:20:  epoch 68, loss: 18.539517239101215
08/05 15:02:59:  Eval loss: 24.911304615162038, Eval time: 15.280528
08/05 15:02:59:  ### EVAL RESULT: 0.666, 0.973, 0.988, 0.994 at 70
08/05 15:02:59:  ### BEST RESULT: 0.676, 0.969, 0.987, 0.996 at 66
08/05 15:03:05:  epoch 72, loss: 18.46404752327764
08/05 15:03:50:  Eval loss: 25.04735649956597, Eval time: 16.338242
08/05 15:03:50:  ### EVAL RESULT: 0.662, 0.972, 0.988, 0.994 at 75
08/05 15:03:50:  ### BEST RESULT: 0.676, 0.969, 0.987, 0.996 at 66
08/05 15:03:52:  epoch 76, loss: 18.385187378439447
08/05 15:04:23:  epoch 80, loss: 18.318444695929376
08/05 15:04:41:  Eval loss: 25.19675021701389, Eval time: 16.840643
08/05 15:04:41:  ### EVAL RESULT: 0.662, 0.971, 0.988, 0.995 at 79
08/05 15:04:41:  ### BEST RESULT: 0.676, 0.969, 0.987, 0.996 at 66
08/05 15:05:09:  epoch 84, loss: 18.270985499256703
08/05 15:05:29:  Eval loss: 25.08536331741898, Eval time: 15.454062
08/05 15:05:29:  ### EVAL RESULT: 0.657, 0.974, 0.988, 0.995 at 84
08/05 15:05:29:  ### BEST RESULT: 0.676, 0.969, 0.987, 0.996 at 66
08/05 15:05:55:  epoch 88, loss: 18.203578827906824
08/05 15:06:20:  Eval loss: 25.295369466145832, Eval time: 16.264510
08/05 15:06:20:  ### EVAL RESULT: 0.649, 0.970, 0.988, 0.994 at 88
08/05 15:06:20:  ### BEST RESULT: 0.676, 0.969, 0.987, 0.996 at 66
08/05 15:06:42:  epoch 92, loss: 18.15978737132321
08/05 15:07:10:  Eval loss: 25.159270109953702, Eval time: 16.406273
08/05 15:07:10:  ### EVAL RESULT: 0.659, 0.974, 0.988, 0.995 at 92
08/05 15:07:10:  ### BEST RESULT: 0.676, 0.969, 0.987, 0.996 at 66
08/05 15:07:28:  epoch 96, loss: 18.106090456446456
08/05 15:07:59:  Eval loss: 25.385093406394677, Eval time: 15.849470
08/05 15:07:59:  ### EVAL RESULT: 0.668, 0.970, 0.989, 0.995 at 97
08/05 15:07:59:  ### BEST RESULT: 0.676, 0.969, 0.987, 0.996 at 66
08/05 15:08:15:  epoch 100, loss: 18.05538667708569
08/05 15:08:50:  Eval loss: 25.239192256221063, Eval time: 16.443979
08/05 15:08:50:  ### EVAL RESULT: 0.658, 0.971, 0.990, 0.996 at 101
08/05 15:08:50:  ### BEST RESULT: 0.676, 0.969, 0.987, 0.996 at 66
08/05 15:09:01:  epoch 104, loss: 18.016060682606856
08/05 15:09:39:  Eval loss: 25.443171748408563, Eval time: 16.355752
08/05 15:09:39:  ### EVAL RESULT: 0.658, 0.971, 0.988, 0.996 at 106
08/05 15:09:39:  ### BEST RESULT: 0.676, 0.969, 0.987, 0.996 at 66
08/05 15:09:48:  epoch 108, loss: 17.97255867148826
08/05 15:10:29:  Eval loss: 25.308015046296298, Eval time: 16.457353
08/05 15:10:29:  ### EVAL RESULT: 0.662, 0.972, 0.989, 0.996 at 110
08/05 15:10:29:  ### BEST RESULT: 0.676, 0.969, 0.987, 0.996 at 66
08/05 15:10:34:  epoch 112, loss: 17.947450858712994
08/05 15:11:19:  Eval loss: 25.58587420428241, Eval time: 16.138267
08/05 15:11:19:  ### EVAL RESULT: 0.671, 0.968, 0.986, 0.995 at 115
08/05 15:11:19:  ### BEST RESULT: 0.676, 0.969, 0.987, 0.996 at 66
08/05 15:11:20:  epoch 116, loss: 17.889401501695936
08/05 15:11:50:  epoch 120, loss: 17.85517910063134
08/05 15:12:08:  Eval loss: 25.586152253327548, Eval time: 16.344239
08/05 15:12:08:  ### EVAL RESULT: 0.659, 0.970, 0.988, 0.995 at 119
08/05 15:12:08:  ### BEST RESULT: 0.676, 0.969, 0.987, 0.996 at 66
08/05 15:12:36:  epoch 124, loss: 17.81319685343379
08/05 15:12:57:  Eval loss: 25.5662841796875, Eval time: 15.987241
08/05 15:12:57:  ### EVAL RESULT: 0.659, 0.970, 0.987, 0.995 at 123
08/05 15:12:57:  ### BEST RESULT: 0.676, 0.969, 0.987, 0.996 at 66
08/05 15:13:23:  epoch 128, loss: 17.7815823926692
08/05 15:13:47:  Eval loss: 25.68679470486111, Eval time: 15.927964
08/05 15:13:47:  ### EVAL RESULT: 0.666, 0.971, 0.988, 0.995 at 128
08/05 15:13:47:  ### BEST RESULT: 0.676, 0.969, 0.987, 0.996 at 66
08/05 15:14:09:  epoch 132, loss: 17.746425380154548
08/05 15:14:38:  Eval loss: 25.61505126953125, Eval time: 16.760692
08/05 15:14:38:  ### EVAL RESULT: 0.657, 0.970, 0.989, 0.995 at 132
08/05 15:14:38:  ### BEST RESULT: 0.676, 0.969, 0.987, 0.996 at 66
08/05 15:14:57:  epoch 136, loss: 17.720029423125336
08/05 15:15:28:  Eval loss: 25.640952781394677, Eval time: 15.813470
08/05 15:15:28:  ### EVAL RESULT: 0.675, 0.972, 0.989, 0.995 at 137
08/05 15:15:28:  ### BEST RESULT: 0.676, 0.969, 0.987, 0.996 at 66
08/05 15:15:43:  epoch 140, loss: 17.696455528582124
08/05 15:16:17:  Eval loss: 25.779875578703702, Eval time: 15.303181
08/05 15:16:17:  ### EVAL RESULT: 0.653, 0.971, 0.988, 0.995 at 141
08/05 15:16:17:  ### BEST RESULT: 0.676, 0.969, 0.987, 0.996 at 66
08/05 15:16:28:  epoch 144, loss: 17.649164690472237
08/05 15:17:07:  Eval loss: 25.78814019097222, Eval time: 16.391689
08/05 15:17:07:  ### EVAL RESULT: 0.670, 0.971, 0.989, 0.995 at 146
08/05 15:17:07:  ### BEST RESULT: 0.676, 0.969, 0.987, 0.996 at 66
08/05 15:17:15:  epoch 148, loss: 17.63108434231085
08/05 15:17:57:  Eval loss: 25.75311053240741, Eval time: 15.929068
08/05 15:17:57:  ### EVAL RESULT: 0.652, 0.969, 0.988, 0.995 at 150
08/05 15:17:57:  ### BEST RESULT: 0.676, 0.969, 0.987, 0.996 at 66
08/05 15:18:01:  epoch 151, loss: 17.614963658933917
08/05 15:18:48:  Eval loss: 25.805370189525462, Eval time: 16.938297
08/05 15:18:48:  ### EVAL RESULT: 0.670, 0.972, 0.989, 0.995 at 154
08/05 15:18:48:  ### BEST RESULT: 0.676, 0.969, 0.987, 0.996 at 66
08/05 15:18:49:  epoch 155, loss: 17.571185056775608
08/05 15:19:19:  epoch 159, loss: 17.552740288205563
08/05 15:19:37:  Eval loss: 25.94844337745949, Eval time: 15.411340
08/05 15:19:37:  ### EVAL RESULT: 0.657, 0.974, 0.988, 0.995 at 159
08/05 15:19:37:  ### BEST RESULT: 0.676, 0.969, 0.987, 0.996 at 66
08/05 15:20:05:  epoch 163, loss: 17.539073729568177
08/05 15:20:27:  Eval loss: 25.8952478479456, Eval time: 16.700325
08/05 15:20:27:  ### EVAL RESULT: 0.667, 0.970, 0.987, 0.996 at 163
08/05 15:20:27:  ### BEST RESULT: 0.676, 0.969, 0.987, 0.996 at 66
08/05 15:20:52:  epoch 167, loss: 17.5209391664025
08/05 15:21:18:  Eval loss: 25.99018916377315, Eval time: 16.403084
08/05 15:21:18:  ### EVAL RESULT: 0.650, 0.970, 0.988, 0.995 at 168
08/05 15:21:18:  ### BEST RESULT: 0.676, 0.969, 0.987, 0.996 at 66
08/05 15:21:39:  epoch 171, loss: 17.479304780938843
08/05 15:22:07:  Eval loss: 25.936231825086807, Eval time: 15.441162
08/05 15:22:07:  ### EVAL RESULT: 0.664, 0.971, 0.988, 0.995 at 172
08/05 15:22:07:  ### BEST RESULT: 0.676, 0.969, 0.987, 0.996 at 66
08/05 15:22:24:  epoch 175, loss: 17.448958768610964
08/05 15:22:58:  Eval loss: 25.90383572048611, Eval time: 16.572161
08/05 15:22:58:  ### EVAL RESULT: 0.654, 0.970, 0.988, 0.994 at 176
08/05 15:22:58:  ### BEST RESULT: 0.676, 0.969, 0.987, 0.996 at 66
08/05 15:23:11:  epoch 179, loss: 17.416670257636326
08/05 15:23:48:  Eval loss: 26.11856644241898, Eval time: 17.405625
08/05 15:23:48:  ### EVAL RESULT: 0.656, 0.971, 0.988, 0.994 at 181
08/05 15:23:48:  ### BEST RESULT: 0.676, 0.969, 0.987, 0.996 at 66
08/05 15:23:59:  epoch 183, loss: 17.417391738806643
08/05 15:24:37:  Eval loss: 26.083247432002313, Eval time: 16.035414
08/05 15:24:37:  ### EVAL RESULT: 0.651, 0.970, 0.988, 0.995 at 185
08/05 15:24:37:  ### BEST RESULT: 0.676, 0.969, 0.987, 0.996 at 66
08/05 15:24:45:  epoch 187, loss: 17.39008663279442
08/05 15:25:27:  Eval loss: 26.109754774305557, Eval time: 15.337720
08/05 15:25:27:  ### EVAL RESULT: 0.659, 0.971, 0.988, 0.995 at 190
08/05 15:25:27:  ### BEST RESULT: 0.676, 0.969, 0.987, 0.996 at 66
08/05 15:25:30:  epoch 191, loss: 17.374127020549135
08/05 15:26:17:  Eval loss: 26.150725188078702, Eval time: 15.988828
08/05 15:26:17:  ### EVAL RESULT: 0.654, 0.966, 0.988, 0.996 at 194
08/05 15:26:17:  ### BEST RESULT: 0.676, 0.969, 0.987, 0.996 at 66
08/05 15:26:17:  epoch 195, loss: 17.34528653287144
08/05 15:26:47:  epoch 199, loss: 17.34123837018597
08/05 15:27:07:  Eval loss: 26.155714246961807, Eval time: 16.633594
08/05 15:27:07:  ### EVAL RESULT: 0.668, 0.968, 0.988, 0.995 at 199
08/05 15:27:07:  ### BEST RESULT: 0.676, 0.969, 0.987, 0.996 at 66
08/05 15:27:34:  epoch 203, loss: 17.318812491368078
08/05 15:27:57:  Eval loss: 26.216523347077548, Eval time: 15.587271
08/05 15:27:57:  ### EVAL RESULT: 0.652, 0.968, 0.987, 0.995 at 203
08/05 15:27:57:  ### BEST RESULT: 0.676, 0.969, 0.987, 0.996 at 66
08/05 15:28:20:  epoch 207, loss: 17.300837926715943
08/05 15:28:47:  Eval loss: 26.19391095196759, Eval time: 16.003483
08/05 15:28:47:  ### EVAL RESULT: 0.650, 0.968, 0.986, 0.995 at 207
08/05 15:28:47:  ### BEST RESULT: 0.676, 0.969, 0.987, 0.996 at 66
08/05 15:29:06:  epoch 211, loss: 17.286749380999524
08/05 15:29:36:  Eval loss: 26.3021398473669, Eval time: 15.349626
08/05 15:29:36:  ### EVAL RESULT: 0.663, 0.968, 0.988, 0.995 at 212
08/05 15:29:36:  ### BEST RESULT: 0.676, 0.969, 0.987, 0.996 at 66
08/05 15:29:52:  epoch 215, loss: 17.272541727945374
08/05 15:30:27:  Eval loss: 26.415488914207177, Eval time: 16.915653
08/05 15:30:27:  ### EVAL RESULT: 0.657, 0.967, 0.988, 0.996 at 216
08/05 15:30:27:  ### BEST RESULT: 0.676, 0.969, 0.987, 0.996 at 66
08/05 15:30:40:  epoch 219, loss: 17.25541581661505
08/05 15:31:15:  Eval loss: 26.30888084129051, Eval time: 15.335602
08/05 15:31:15:  ### EVAL RESULT: 0.664, 0.969, 0.988, 0.995 at 221
08/05 15:31:15:  ### BEST RESULT: 0.676, 0.969, 0.987, 0.996 at 66
08/05 15:31:25:  epoch 223, loss: 17.224889753125026
08/05 15:32:05:  Eval loss: 26.291099265769677, Eval time: 16.321186
08/05 15:32:05:  ### EVAL RESULT: 0.663, 0.968, 0.988, 0.996 at 225
08/05 15:32:05:  ### BEST RESULT: 0.676, 0.969, 0.987, 0.996 at 66
08/05 15:32:11:  epoch 227, loss: 17.220513808966214
08/05 15:32:55:  Eval loss: 26.3432775426794, Eval time: 15.996444
08/05 15:32:55:  ### EVAL RESULT: 0.678, 0.970, 0.989, 0.995 at 230
08/05 15:32:55:  ### BEST RESULT: 0.678, 0.970, 0.989, 0.995 at 230
08/05 15:32:58:  epoch 231, loss: 17.20162177776175
08/05 15:33:28:  epoch 235, loss: 17.179388286276225
08/05 15:33:45:  Eval loss: 26.381175853587962, Eval time: 16.902565
08/05 15:33:45:  ### EVAL RESULT: 0.655, 0.970, 0.988, 0.995 at 234
08/05 15:33:45:  ### BEST RESULT: 0.678, 0.970, 0.989, 0.995 at 230
08/05 15:34:15:  epoch 239, loss: 17.188959737663016
08/05 15:34:35:  Eval loss: 26.354584870515048, Eval time: 15.324972
08/05 15:34:35:  ### EVAL RESULT: 0.644, 0.967, 0.987, 0.995 at 238
08/05 15:34:35:  ### BEST RESULT: 0.678, 0.970, 0.989, 0.995 at 230
08/05 15:35:01:  epoch 243, loss: 17.153835373094726
08/05 15:35:25:  Eval loss: 26.395234284577548, Eval time: 16.435291
08/05 15:35:25:  ### EVAL RESULT: 0.657, 0.969, 0.988, 0.996 at 243
08/05 15:35:25:  ### BEST RESULT: 0.678, 0.970, 0.989, 0.995 at 230
08/05 15:35:47:  epoch 247, loss: 17.15070667776605
08/05 15:36:15:  Eval loss: 26.374857584635418, Eval time: 16.320195
08/05 15:36:15:  ### EVAL RESULT: 0.666, 0.969, 0.988, 0.995 at 247
08/05 15:36:15:  ### BEST RESULT: 0.678, 0.970, 0.989, 0.995 at 230
08/05 15:36:34:  epoch 251, loss: 17.13136239465998
08/05 15:37:04:  Eval loss: 26.38623725043403, Eval time: 15.432464
08/05 15:37:04:  ### EVAL RESULT: 0.661, 0.968, 0.987, 0.995 at 252
08/05 15:37:04:  ### BEST RESULT: 0.678, 0.970, 0.989, 0.995 at 230
08/05 15:37:20:  epoch 255, loss: 17.109014836079826
08/05 15:37:54:  Eval loss: 26.36591254340278, Eval time: 16.307508
08/05 15:37:54:  ### EVAL RESULT: 0.668, 0.968, 0.989, 0.996 at 256
08/05 15:37:54:  ### BEST RESULT: 0.678, 0.970, 0.989, 0.995 at 230
08/05 15:38:06:  epoch 259, loss: 17.113493639005053
08/05 15:38:43:  Eval loss: 26.428333423755788, Eval time: 15.493412
08/05 15:38:43:  ### EVAL RESULT: 0.660, 0.969, 0.989, 0.995 at 261
08/05 15:38:43:  ### BEST RESULT: 0.678, 0.970, 0.989, 0.995 at 230
08/05 15:38:52:  epoch 263, loss: 17.090093472487148
08/05 15:39:33:  Eval loss: 26.27945285373264, Eval time: 16.708720
08/05 15:39:33:  ### EVAL RESULT: 0.661, 0.968, 0.988, 0.995 at 265
08/05 15:39:33:  ### BEST RESULT: 0.678, 0.970, 0.989, 0.995 at 230
08/05 15:39:39:  epoch 267, loss: 17.09016624697067
08/05 15:40:26:  Eval loss: 26.419123896846063, Eval time: 18.416644
08/05 15:40:26:  ### EVAL RESULT: 0.670, 0.969, 0.989, 0.995 at 269
08/05 15:40:26:  ### BEST RESULT: 0.678, 0.970, 0.989, 0.995 at 230
08/05 15:40:29:  epoch 271, loss: 17.064051426333148
08/05 15:40:59:  epoch 275, loss: 17.061632198851996
08/05 15:41:16:  Eval loss: 26.42392532913773, Eval time: 15.918482
08/05 15:41:16:  ### EVAL RESULT: 0.661, 0.968, 0.988, 0.995 at 274
08/05 15:41:16:  ### BEST RESULT: 0.678, 0.970, 0.989, 0.995 at 230
08/05 15:41:45:  epoch 279, loss: 17.0500317788071
08/05 15:42:06:  Eval loss: 26.38795753761574, Eval time: 15.475854
08/05 15:42:06:  ### EVAL RESULT: 0.655, 0.969, 0.989, 0.995 at 278
08/05 15:42:06:  ### BEST RESULT: 0.678, 0.970, 0.989, 0.995 at 230
08/05 15:42:31:  epoch 283, loss: 17.0475483981432
08/05 15:42:56:  Eval loss: 26.483402958622687, Eval time: 16.856984
08/05 15:42:56:  ### EVAL RESULT: 0.667, 0.968, 0.989, 0.995 at 283
08/05 15:42:56:  ### BEST RESULT: 0.678, 0.970, 0.989, 0.995 at 230
08/05 15:43:19:  epoch 287, loss: 17.040023495731482
08/05 15:43:46:  Eval loss: 26.45691144024884, Eval time: 15.846007
08/05 15:43:46:  ### EVAL RESULT: 0.662, 0.970, 0.988, 0.995 at 287
08/05 15:43:46:  ### BEST RESULT: 0.678, 0.970, 0.989, 0.995 at 230
08/05 15:44:05:  epoch 291, loss: 17.03118891386784
08/05 15:44:37:  Eval loss: 26.426072862413193, Eval time: 16.798865
08/05 15:44:37:  ### EVAL RESULT: 0.654, 0.969, 0.988, 0.996 at 292
08/05 15:44:37:  ### BEST RESULT: 0.678, 0.970, 0.989, 0.995 at 230
08/05 15:44:52:  epoch 295, loss: 17.015197335478987
08/05 15:45:27:  Eval loss: 26.420502839265048, Eval time: 16.016570
08/05 15:45:27:  ### EVAL RESULT: 0.659, 0.970, 0.989, 0.995 at 296
08/05 15:45:27:  ### BEST RESULT: 0.678, 0.970, 0.989, 0.995 at 230
08/05 15:45:39:  epoch 299, loss: 17.005446999003997
08/05 15:45:54:   global_step = 33900, average loss = 20.128064264843246
08/05 15:55:22:  ========Process rank: -1, device: cuda:0，16-bits training: False========
08/05 15:59:13:  ========Process rank: -1, device: cuda:0，16-bits training: False========
08/05 16:00:27:  ========Process rank: -1, device: cuda:0，16-bits training: False========
08/05 16:01:39:  ========Process rank: -1, device: cuda:0，16-bits training: False========
08/05 16:01:48:  Creating features ../../data/richpedia/cached_train_rich_deberta at ../../data/richpedia
08/05 16:04:54:  ========Process rank: -1, device: cuda:0，16-bits training: False========
08/05 16:05:02:  Creating features ../../data/richpedia/cached_train_rich_deberta at ../../data/richpedia
08/05 16:05:50:  ========Process rank: -1, device: cuda:0，16-bits training: False========
08/05 16:05:59:  Creating features ../../data/richpedia/cached_train_rich_deberta at ../../data/richpedia
08/05 16:06:19:  ========Process rank: -1, device: cuda:0，16-bits training: False========
08/05 16:06:27:  Creating features ../../data/richpedia/cached_train_rich_deberta at ../../data/richpedia
08/05 16:10:08:  ========Process rank: -1, device: cuda:0，16-bits training: False========
08/05 16:10:16:  Creating features ../../data/richpedia/cached_train_rich_deberta at ../../data/richpedia
08/05 16:17:25:  ========Process rank: -1, device: cuda:0，16-bits training: False========
08/05 16:17:33:  Creating features ../../data/richpedia/cached_train_rich_deberta at ../../data/richpedia
08/05 16:18:40:  ========Process rank: -1, device: cuda:0，16-bits training: False========
08/05 16:18:48:  Creating features ../../data/richpedia/cached_train_rich_deberta at ../../data/richpedia
08/05 16:20:06:  ========Process rank: -1, device: cuda:0，16-bits training: False========
08/05 16:20:14:  Creating features ../../data/richpedia/cached_train_rich_deberta at ../../data/richpedia
08/05 16:20:52:  ========Process rank: -1, device: cuda:0，16-bits training: False========
08/05 16:21:00:  Creating features ../../data/richpedia/cached_train_rich_deberta at ../../data/richpedia
08/05 16:22:12:  ========Process rank: -1, device: cuda:0，16-bits training: False========
08/05 16:22:20:  Creating features ../../data/richpedia/cached_train_rich_deberta at ../../data/richpedia
08/05 16:22:48:  ========Process rank: -1, device: cuda:0，16-bits training: False========
08/05 16:22:56:  Creating features ../../data/richpedia/cached_train_rich_deberta at ../../data/richpedia
08/05 16:24:00:  ========Process rank: -1, device: cuda:0，16-bits training: False========
08/05 16:24:08:  Creating features ../../data/richpedia/cached_train_rich_deberta at ../../data/richpedia
08/05 17:20:37:  Saving features into cached file ../../data/richpedia/cached_train_rich_deberta
08/06 02:27:00:  ========Process rank: -1, device: cuda:0，16-bits training: False========
08/06 02:30:29:  ========Process rank: -1, device: cuda:0，16-bits training: False========
08/06 02:32:47:  ========Process rank: -1, device: cuda:0，16-bits training: False========
08/06 02:36:02:  ========Process rank: -1, device: cuda:0，16-bits training: False========
08/06 02:40:06:  ========Process rank: -1, device: cuda:0，16-bits training: False========
08/06 02:40:50:  ========Process rank: -1, device: cuda:0，16-bits training: False========
08/06 02:42:54:  ========Process rank: -1, device: cuda:0，16-bits training: False========
08/06 02:45:44:  ========Process rank: -1, device: cuda:0，16-bits training: False========
08/06 02:49:47:  ========Process rank: -1, device: cuda:0，16-bits training: False========
08/06 02:52:51:  ========Process rank: -1, device: cuda:0，16-bits training: False========
08/06 02:54:35:  loss_449: 159.74494960419585, epoch 4: 110/113
08/06 02:54:50:  Creating features ../../data/richpedia/cached_dev_rich_deberta at ../../data/richpedia
08/06 03:06:42:  Saving features into cached file ../../data/richpedia/cached_dev_rich_deberta
08/06 03:07:14:  Eval loss: 44.442789713541664, Eval time: 756.780899
08/06 03:07:14:  ### EVAL RESULT: 0.338, 0.764, 0.870, 0.927 at 4
08/06 03:07:14:  ### BEST RESULT: 0.338, 0.764, 0.870, 0.927 at 4
08/06 03:07:35:  epoch 8, loss: 46.00616909188523
08/06 03:08:03:  Eval loss: 39.915934244791664, Eval time: 22.778747
08/06 03:08:03:  ### EVAL RESULT: 0.394, 0.832, 0.912, 0.961 at 8
08/06 03:08:03:  ### BEST RESULT: 0.394, 0.832, 0.912, 0.961 at 8
08/06 03:08:21:  epoch 12, loss: 39.79264403345325
08/06 03:08:45:  Eval loss: 37.774020724826386, Eval time: 16.566432
08/06 03:08:45:  ### EVAL RESULT: 0.407, 0.851, 0.921, 0.968 at 13
08/06 03:08:45:  ### BEST RESULT: 0.407, 0.851, 0.921, 0.968 at 13
08/06 03:09:01:  epoch 16, loss: 36.548308561533226
08/06 03:09:28:  Eval loss: 36.551583749276624, Eval time: 17.036950
08/06 03:09:28:  ### EVAL RESULT: 0.431, 0.859, 0.931, 0.974 at 17
08/06 03:09:28:  ### BEST RESULT: 0.431, 0.859, 0.931, 0.974 at 17
08/06 03:09:41:  epoch 20, loss: 34.382350021056446
08/06 03:10:10:  Eval loss: 35.168617531105326, Eval time: 15.839274
08/06 03:10:10:  ### EVAL RESULT: 0.429, 0.870, 0.938, 0.977 at 22
08/06 03:10:10:  ### BEST RESULT: 0.431, 0.859, 0.931, 0.974 at 17
08/06 03:10:20:  epoch 24, loss: 32.61102583785365
08/06 03:10:53:  Eval loss: 34.37861463758681, Eval time: 16.929685
08/06 03:10:53:  ### EVAL RESULT: 0.454, 0.875, 0.941, 0.981 at 26
08/06 03:10:53:  ### BEST RESULT: 0.454, 0.875, 0.941, 0.981 at 26
08/06 03:11:00:  epoch 28, loss: 31.316120959071647
08/06 03:11:34:  Eval loss: 33.954519766348376, Eval time: 15.882211
08/06 03:11:34:  ### EVAL RESULT: 0.464, 0.884, 0.949, 0.983 at 30
08/06 03:11:34:  ### BEST RESULT: 0.464, 0.884, 0.949, 0.983 at 30
08/06 03:11:39:  epoch 32, loss: 30.42831712735522
08/06 03:12:17:  Eval loss: 33.65700050636574, Eval time: 16.742405
08/06 03:12:17:  ### EVAL RESULT: 0.441, 0.877, 0.945, 0.981 at 35
08/06 03:12:17:  ### BEST RESULT: 0.464, 0.884, 0.949, 0.983 at 30
08/06 03:12:19:  epoch 36, loss: 29.726912729989714
08/06 03:12:42:  epoch 40, loss: 29.111706697595675
08/06 03:12:58:  Eval loss: 33.1853931568287, Eval time: 15.940389
08/06 03:12:58:  ### EVAL RESULT: 0.446, 0.889, 0.950, 0.980 at 39
08/06 03:12:58:  ### BEST RESULT: 0.464, 0.884, 0.949, 0.983 at 30
08/06 03:13:21:  epoch 44, loss: 28.66239494629586
08/06 03:13:41:  Eval loss: 33.31258590133102, Eval time: 16.527213
08/06 03:13:41:  ### EVAL RESULT: 0.451, 0.883, 0.950, 0.983 at 44
08/06 03:13:41:  ### BEST RESULT: 0.464, 0.884, 0.949, 0.983 at 30
08/06 03:14:01:  epoch 48, loss: 28.145610762598256
08/06 03:14:23:  Eval loss: 33.03462049696181, Eval time: 16.828591
08/06 03:14:23:  ### EVAL RESULT: 0.453, 0.884, 0.948, 0.982 at 48
08/06 03:14:23:  ### BEST RESULT: 0.464, 0.884, 0.949, 0.983 at 30
08/06 03:14:41:  epoch 52, loss: 27.783438370328703
08/06 03:15:05:  Eval loss: 33.09862150969329, Eval time: 15.793917
08/06 03:15:05:  ### EVAL RESULT: 0.464, 0.890, 0.953, 0.985 at 53
08/06 03:15:05:  ### BEST RESULT: 0.464, 0.890, 0.953, 0.985 at 53
08/06 03:15:20:  epoch 56, loss: 27.412478330140654
08/06 03:15:47:  Eval loss: 33.159573025173614, Eval time: 16.839596
08/06 03:15:47:  ### EVAL RESULT: 0.453, 0.883, 0.947, 0.982 at 57
08/06 03:15:47:  ### BEST RESULT: 0.464, 0.890, 0.953, 0.985 at 53
08/06 03:15:59:  epoch 60, loss: 27.058328908907544
08/06 03:16:29:  Eval loss: 33.114097312644674, Eval time: 15.842458
08/06 03:16:29:  ### EVAL RESULT: 0.447, 0.882, 0.953, 0.984 at 61
08/06 03:16:29:  ### BEST RESULT: 0.464, 0.890, 0.953, 0.985 at 53
08/06 03:16:38:  epoch 64, loss: 26.784649120407273
08/06 03:17:11:  Eval loss: 33.099453396267364, Eval time: 16.895318
08/06 03:17:11:  ### EVAL RESULT: 0.458, 0.881, 0.952, 0.985 at 66
08/06 03:17:11:  ### BEST RESULT: 0.464, 0.890, 0.953, 0.985 at 53
08/06 03:17:18:  epoch 68, loss: 26.489308312634847
08/06 03:17:53:  Eval loss: 33.007850929542826, Eval time: 15.772749
08/06 03:17:53:  ### EVAL RESULT: 0.452, 0.887, 0.953, 0.983 at 70
08/06 03:17:53:  ### BEST RESULT: 0.464, 0.890, 0.953, 0.985 at 53
08/06 03:17:57:  epoch 72, loss: 26.272839068304457
08/06 03:18:35:  Eval loss: 33.05321587456597, Eval time: 16.375019
08/06 03:18:35:  ### EVAL RESULT: 0.454, 0.887, 0.950, 0.986 at 75
08/06 03:18:35:  ### BEST RESULT: 0.464, 0.890, 0.953, 0.985 at 53
08/06 03:18:37:  epoch 76, loss: 26.103791404673146
08/06 03:19:00:  epoch 80, loss: 25.873501733045003
08/06 03:19:18:  Eval loss: 33.09391954210069, Eval time: 16.761044
08/06 03:19:18:  ### EVAL RESULT: 0.451, 0.877, 0.945, 0.983 at 79
08/06 03:19:18:  ### BEST RESULT: 0.464, 0.890, 0.953, 0.985 at 53
08/06 03:19:41:  epoch 84, loss: 25.672683295269056
08/06 03:20:00:  Eval loss: 32.996706362123845, Eval time: 15.678900
08/06 03:20:00:  ### EVAL RESULT: 0.454, 0.885, 0.954, 0.983 at 84
08/06 03:20:00:  ### BEST RESULT: 0.464, 0.890, 0.953, 0.985 at 53
08/06 03:20:19:  epoch 88, loss: 25.508776654113905
08/06 03:20:42:  Eval loss: 32.900634765625, Eval time: 16.768968
08/06 03:20:42:  ### EVAL RESULT: 0.448, 0.874, 0.948, 0.981 at 88
08/06 03:20:42:  ### BEST RESULT: 0.464, 0.890, 0.953, 0.985 at 53
08/06 03:20:59:  epoch 92, loss: 25.380436262202952
08/06 03:21:24:  Eval loss: 33.30516447844329, Eval time: 15.648878
08/06 03:21:24:  ### EVAL RESULT: 0.446, 0.883, 0.951, 0.985 at 92
08/06 03:21:24:  ### BEST RESULT: 0.464, 0.890, 0.953, 0.985 at 53
08/06 03:21:38:  epoch 96, loss: 25.213993947596222
08/06 03:22:05:  Eval loss: 33.347482186776624, Eval time: 16.212579
08/06 03:22:05:  ### EVAL RESULT: 0.436, 0.880, 0.945, 0.981 at 97
08/06 03:22:05:  ### BEST RESULT: 0.464, 0.890, 0.953, 0.985 at 53
08/06 03:22:17:  epoch 100, loss: 25.038553144459204
08/06 03:22:48:  Eval loss: 33.18169035734954, Eval time: 16.853239
08/06 03:22:48:  ### EVAL RESULT: 0.446, 0.875, 0.946, 0.981 at 101
08/06 03:22:48:  ### BEST RESULT: 0.464, 0.890, 0.953, 0.985 at 53
08/06 03:22:57:  epoch 104, loss: 24.929851213382985
08/06 03:23:29:  Eval loss: 33.21794524016204, Eval time: 15.722893
08/06 03:23:29:  ### EVAL RESULT: 0.446, 0.873, 0.941, 0.980 at 106
08/06 03:23:29:  ### BEST RESULT: 0.464, 0.890, 0.953, 0.985 at 53
08/06 03:23:36:  epoch 108, loss: 24.78614908655927
08/06 03:24:12:  Eval loss: 33.1794117115162, Eval time: 16.886615
08/06 03:24:12:  ### EVAL RESULT: 0.457, 0.876, 0.948, 0.983 at 110
08/06 03:24:12:  ### BEST RESULT: 0.464, 0.890, 0.953, 0.985 at 53
08/06 03:24:15:  epoch 112, loss: 24.696125553020657
08/06 03:24:53:  Eval loss: 33.047817654079864, Eval time: 16.000303
08/06 03:24:53:  ### EVAL RESULT: 0.434, 0.879, 0.946, 0.979 at 115
08/06 03:24:53:  ### BEST RESULT: 0.464, 0.890, 0.953, 0.985 at 53
08/06 03:24:54:  epoch 116, loss: 24.580442373364964
08/06 03:25:18:  epoch 120, loss: 24.434139837931948
08/06 03:25:36:  Eval loss: 33.182210286458336, Eval time: 16.745287
08/06 03:25:36:  ### EVAL RESULT: 0.451, 0.888, 0.947, 0.983 at 119
08/06 03:25:36:  ### BEST RESULT: 0.464, 0.890, 0.953, 0.985 at 53
08/06 03:25:57:  epoch 124, loss: 24.386253730756934
08/06 03:26:17:  Eval loss: 33.330295138888886, Eval time: 16.059028
08/06 03:26:17:  ### EVAL RESULT: 0.440, 0.868, 0.944, 0.981 at 123
08/06 03:26:17:  ### BEST RESULT: 0.464, 0.890, 0.953, 0.985 at 53
08/06 03:26:36:  epoch 128, loss: 24.284272111072838
08/06 03:27:00:  Eval loss: 33.54749891493056, Eval time: 16.893718
08/06 03:27:00:  ### EVAL RESULT: 0.440, 0.875, 0.943, 0.981 at 128
08/06 03:27:00:  ### BEST RESULT: 0.464, 0.890, 0.953, 0.985 at 53
08/06 03:27:16:  epoch 132, loss: 24.177734668111484
08/06 03:27:41:  Eval loss: 33.18348976417824, Eval time: 15.865215
08/06 03:27:41:  ### EVAL RESULT: 0.433, 0.874, 0.945, 0.981 at 132
08/06 03:27:41:  ### BEST RESULT: 0.464, 0.890, 0.953, 0.985 at 53
08/06 03:27:55:  epoch 136, loss: 24.096291773568815
08/06 03:28:24:  Eval loss: 33.1083667896412, Eval time: 16.938760
08/06 03:28:24:  ### EVAL RESULT: 0.445, 0.865, 0.944, 0.979 at 137
08/06 03:28:24:  ### BEST RESULT: 0.464, 0.890, 0.953, 0.985 at 53
08/06 03:28:35:  epoch 140, loss: 24.026061952246856
08/06 03:29:06:  Eval loss: 33.1573802806713, Eval time: 15.935212
08/06 03:29:06:  ### EVAL RESULT: 0.437, 0.874, 0.947, 0.979 at 141
08/06 03:29:06:  ### BEST RESULT: 0.464, 0.890, 0.953, 0.985 at 53
08/06 03:29:14:  epoch 144, loss: 23.9365753819523
08/06 03:29:48:  Eval loss: 33.33404993127893, Eval time: 16.359684
08/06 03:29:48:  ### EVAL RESULT: 0.446, 0.866, 0.945, 0.981 at 146
08/06 03:29:48:  ### BEST RESULT: 0.464, 0.890, 0.953, 0.985 at 53
08/06 03:29:54:  epoch 148, loss: 23.882916673520093
08/06 03:30:30:  Eval loss: 33.375411422164355, Eval time: 16.805209
08/06 03:30:30:  ### EVAL RESULT: 0.444, 0.869, 0.945, 0.979 at 150
08/06 03:30:30:  ### BEST RESULT: 0.464, 0.890, 0.953, 0.985 at 53
08/06 03:30:33:  epoch 151, loss: 23.808668429708163
08/06 03:31:12:  Eval loss: 33.31051070601852, Eval time: 15.929304
08/06 03:31:12:  ### EVAL RESULT: 0.445, 0.877, 0.946, 0.982 at 154
08/06 03:31:12:  ### BEST RESULT: 0.464, 0.890, 0.953, 0.985 at 53
08/06 03:31:12:  epoch 155, loss: 23.697521494332296
08/06 03:31:35:  epoch 159, loss: 23.68022276829505
08/06 03:31:54:  Eval loss: 33.357338234230326, Eval time: 16.443740
08/06 03:31:54:  ### EVAL RESULT: 0.450, 0.871, 0.946, 0.982 at 159
08/06 03:31:54:  ### BEST RESULT: 0.464, 0.890, 0.953, 0.985 at 53
08/06 03:32:15:  epoch 163, loss: 23.59838211297458
08/06 03:32:36:  Eval loss: 33.331520363136576, Eval time: 16.738002
08/06 03:32:36:  ### EVAL RESULT: 0.438, 0.873, 0.948, 0.984 at 163
08/06 03:32:36:  ### BEST RESULT: 0.464, 0.890, 0.953, 0.985 at 53
08/06 03:32:54:  epoch 167, loss: 23.532562476754986
08/06 03:33:17:  Eval loss: 33.182881673177086, Eval time: 15.655693
08/06 03:33:17:  ### EVAL RESULT: 0.437, 0.877, 0.946, 0.982 at 168
08/06 03:33:17:  ### BEST RESULT: 0.464, 0.890, 0.953, 0.985 at 53
08/06 03:33:33:  epoch 171, loss: 23.463313317245788
08/06 03:34:00:  Eval loss: 33.32942482277199, Eval time: 16.945431
08/06 03:34:00:  ### EVAL RESULT: 0.442, 0.873, 0.949, 0.983 at 172
08/06 03:34:00:  ### BEST RESULT: 0.464, 0.890, 0.953, 0.985 at 53
08/06 03:34:13:  epoch 175, loss: 23.41988533376851
08/06 03:34:41:  Eval loss: 33.348917643229164, Eval time: 15.661694
08/06 03:34:41:  ### EVAL RESULT: 0.429, 0.867, 0.947, 0.982 at 176
08/06 03:34:41:  ### BEST RESULT: 0.464, 0.890, 0.953, 0.985 at 53
08/06 03:34:52:  epoch 179, loss: 23.380937389382275
08/06 03:35:24:  Eval loss: 33.5101634837963, Eval time: 16.933480
08/06 03:35:24:  ### EVAL RESULT: 0.448, 0.868, 0.946, 0.981 at 181
08/06 03:35:24:  ### BEST RESULT: 0.464, 0.890, 0.953, 0.985 at 53
08/06 03:35:32:  epoch 183, loss: 23.297323592256067
08/06 03:36:05:  Eval loss: 33.55599410445602, Eval time: 15.905518
08/06 03:36:05:  ### EVAL RESULT: 0.426, 0.876, 0.944, 0.980 at 185
08/06 03:36:05:  ### BEST RESULT: 0.464, 0.890, 0.953, 0.985 at 53
08/06 03:36:11:  epoch 187, loss: 23.25787538728098
08/06 03:36:47:  Eval loss: 33.487349898726855, Eval time: 16.242121
08/06 03:36:47:  ### EVAL RESULT: 0.445, 0.869, 0.945, 0.981 at 190
08/06 03:36:47:  ### BEST RESULT: 0.464, 0.890, 0.953, 0.985 at 53
08/06 03:36:50:  epoch 191, loss: 23.233078325777118
08/06 03:37:30:  Eval loss: 33.413533528645836, Eval time: 16.796622
08/06 03:37:30:  ### EVAL RESULT: 0.437, 0.865, 0.943, 0.982 at 194
08/06 03:37:30:  ### BEST RESULT: 0.464, 0.890, 0.953, 0.985 at 53
08/06 03:37:30:  epoch 195, loss: 23.191087523122672
08/06 03:37:53:  epoch 199, loss: 23.12878237853868
08/06 03:38:11:  Eval loss: 33.3302318431713, Eval time: 15.651881
08/06 03:38:11:  ### EVAL RESULT: 0.444, 0.876, 0.946, 0.981 at 199
08/06 03:38:11:  ### BEST RESULT: 0.464, 0.890, 0.953, 0.985 at 53
08/06 03:38:32:  epoch 203, loss: 23.072440888674592
08/06 03:38:54:  Eval loss: 33.4461986400463, Eval time: 16.937706
08/06 03:38:54:  ### EVAL RESULT: 0.436, 0.874, 0.947, 0.982 at 203
08/06 03:38:54:  ### BEST RESULT: 0.464, 0.890, 0.953, 0.985 at 53
08/06 03:39:12:  epoch 207, loss: 23.03885466271891
08/06 03:39:35:  Eval loss: 33.565022786458336, Eval time: 15.691445
08/06 03:39:35:  ### EVAL RESULT: 0.444, 0.870, 0.946, 0.983 at 207
08/06 03:39:35:  ### BEST RESULT: 0.464, 0.890, 0.953, 0.985 at 53
08/06 03:39:51:  epoch 211, loss: 23.010907374936384
08/06 03:40:17:  Eval loss: 33.550887496383105, Eval time: 16.498709
08/06 03:40:17:  ### EVAL RESULT: 0.444, 0.871, 0.947, 0.982 at 212
08/06 03:40:17:  ### BEST RESULT: 0.464, 0.890, 0.953, 0.985 at 53
08/06 03:40:30:  epoch 215, loss: 22.98016141199057
08/06 03:41:00:  Eval loss: 33.35969147858796, Eval time: 16.680929
08/06 03:41:00:  ### EVAL RESULT: 0.437, 0.871, 0.945, 0.981 at 216
08/06 03:41:00:  ### BEST RESULT: 0.464, 0.890, 0.953, 0.985 at 53
08/06 03:41:10:  epoch 219, loss: 22.889754339953043
08/06 03:41:42:  Eval loss: 33.379799171730326, Eval time: 16.003397
08/06 03:41:42:  ### EVAL RESULT: 0.433, 0.873, 0.948, 0.980 at 221
08/06 03:41:42:  ### BEST RESULT: 0.464, 0.890, 0.953, 0.985 at 53
08/06 03:41:49:  epoch 223, loss: 22.89025358951968
08/06 03:42:24:  Eval loss: 33.55819815176505, Eval time: 16.925954
08/06 03:42:24:  ### EVAL RESULT: 0.441, 0.864, 0.946, 0.980 at 225
08/06 03:42:24:  ### BEST RESULT: 0.464, 0.890, 0.953, 0.985 at 53
08/06 03:42:29:  epoch 227, loss: 22.814190187008183
08/06 03:43:06:  Eval loss: 33.69969346788194, Eval time: 15.876277
08/06 03:43:06:  ### EVAL RESULT: 0.441, 0.868, 0.947, 0.981 at 230
08/06 03:43:06:  ### BEST RESULT: 0.464, 0.890, 0.953, 0.985 at 53
08/06 03:43:08:  epoch 231, loss: 22.777634431630837
08/06 03:43:31:  epoch 235, loss: 22.7478692919215
08/06 03:43:48:  Eval loss: 33.51151077835648, Eval time: 16.459494
08/06 03:43:48:  ### EVAL RESULT: 0.441, 0.862, 0.946, 0.980 at 234
08/06 03:43:48:  ### BEST RESULT: 0.464, 0.890, 0.953, 0.985 at 53
08/06 03:44:10:  epoch 239, loss: 22.72039890076907
08/06 03:44:30:  Eval loss: 33.560103804976855, Eval time: 16.843820
08/06 03:44:30:  ### EVAL RESULT: 0.430, 0.866, 0.942, 0.979 at 238
08/06 03:44:30:  ### BEST RESULT: 0.464, 0.890, 0.953, 0.985 at 53
08/06 03:44:50:  epoch 243, loss: 22.68575743524428
08/06 03:45:12:  Eval loss: 33.66856101707176, Eval time: 15.718825
08/06 03:45:12:  ### EVAL RESULT: 0.441, 0.868, 0.949, 0.978 at 243
08/06 03:45:12:  ### BEST RESULT: 0.464, 0.890, 0.953, 0.985 at 53
08/06 03:45:29:  epoch 247, loss: 22.65685200850523
08/06 03:45:54:  Eval loss: 33.625612612123845, Eval time: 16.889345
08/06 03:45:54:  ### EVAL RESULT: 0.445, 0.871, 0.945, 0.980 at 247
08/06 03:45:54:  ### BEST RESULT: 0.464, 0.890, 0.953, 0.985 at 53
08/06 03:46:09:  epoch 251, loss: 22.644773763643872
08/06 03:46:36:  Eval loss: 33.652981228298614, Eval time: 15.847523
08/06 03:46:36:  ### EVAL RESULT: 0.439, 0.869, 0.946, 0.980 at 252
08/06 03:46:36:  ### BEST RESULT: 0.464, 0.890, 0.953, 0.985 at 53
08/06 03:46:48:  epoch 255, loss: 22.57026230147262
08/06 03:47:18:  Eval loss: 33.63126853660301, Eval time: 16.763389
08/06 03:47:18:  ### EVAL RESULT: 0.453, 0.874, 0.947, 0.983 at 256
08/06 03:47:18:  ### BEST RESULT: 0.464, 0.890, 0.953, 0.985 at 53
08/06 03:47:27:  epoch 259, loss: 22.564599408869753
08/06 03:47:59:  Eval loss: 33.67128951461227, Eval time: 15.840370
08/06 03:47:59:  ### EVAL RESULT: 0.434, 0.873, 0.947, 0.979 at 261
08/06 03:47:59:  ### BEST RESULT: 0.464, 0.890, 0.953, 0.985 at 53
08/06 03:48:06:  epoch 263, loss: 22.540566340321156
08/06 03:48:42:  Eval loss: 33.56581398292824, Eval time: 16.879156
08/06 03:48:42:  ### EVAL RESULT: 0.446, 0.868, 0.941, 0.979 at 265
08/06 03:48:42:  ### BEST RESULT: 0.464, 0.890, 0.953, 0.985 at 53
08/06 03:48:46:  epoch 267, loss: 22.514287328401494
08/06 03:49:23:  Eval loss: 33.5533130787037, Eval time: 15.827931
08/06 03:49:23:  ### EVAL RESULT: 0.433, 0.870, 0.943, 0.979 at 269
08/06 03:49:23:  ### BEST RESULT: 0.464, 0.890, 0.953, 0.985 at 53
08/06 03:49:25:  epoch 271, loss: 22.474695575263823
08/06 03:49:48:  epoch 275, loss: 22.43321970576433
08/06 03:50:06:  Eval loss: 33.45845992476852, Eval time: 16.899884
08/06 03:50:06:  ### EVAL RESULT: 0.444, 0.871, 0.945, 0.979 at 274
08/06 03:50:06:  ### BEST RESULT: 0.464, 0.890, 0.953, 0.985 at 53
08/06 03:50:28:  epoch 279, loss: 22.417157009609028
08/06 03:50:47:  Eval loss: 33.508682816116895, Eval time: 15.927906
08/06 03:50:47:  ### EVAL RESULT: 0.432, 0.867, 0.944, 0.980 at 278
08/06 03:50:47:  ### BEST RESULT: 0.464, 0.890, 0.953, 0.985 at 53
08/06 03:51:07:  epoch 283, loss: 22.41054058287351
08/06 03:51:29:  Eval loss: 33.43608488859954, Eval time: 16.330564
08/06 03:51:29:  ### EVAL RESULT: 0.443, 0.874, 0.948, 0.980 at 283
08/06 03:51:29:  ### BEST RESULT: 0.464, 0.890, 0.953, 0.985 at 53
08/06 03:51:46:  epoch 287, loss: 22.397480648185205
08/06 03:52:12:  Eval loss: 33.61704056351273, Eval time: 16.908071
08/06 03:52:12:  ### EVAL RESULT: 0.433, 0.868, 0.945, 0.980 at 287
08/06 03:52:12:  ### BEST RESULT: 0.464, 0.890, 0.953, 0.985 at 53
08/06 03:52:26:  epoch 291, loss: 22.366232950597137
08/06 03:52:53:  Eval loss: 33.623046875, Eval time: 15.824401
08/06 03:52:53:  ### EVAL RESULT: 0.440, 0.875, 0.948, 0.980 at 292
08/06 03:52:53:  ### BEST RESULT: 0.464, 0.890, 0.953, 0.985 at 53
08/06 03:53:05:  epoch 295, loss: 22.339174440549584
08/06 03:53:36:  Eval loss: 33.53663239655671, Eval time: 16.954235
08/06 03:53:36:  ### EVAL RESULT: 0.442, 0.871, 0.946, 0.980 at 296
08/06 03:53:36:  ### BEST RESULT: 0.464, 0.890, 0.953, 0.985 at 53
08/06 03:53:45:  epoch 299, loss: 22.32420580636685
08/06 03:53:56:   global_step = 33900, average loss = 27.038516368753438
08/06 04:06:14:  ========Process rank: -1, device: cuda:0，16-bits training: False========
08/06 04:08:27:  ========Process rank: -1, device: cuda:0，16-bits training: False========
08/06 04:09:07:  loss_449: 160.6199735968575, epoch 4: 110/113
08/06 04:09:26:  Eval loss: 30.09875714337384, Eval time: 15.889540
08/06 04:09:26:  ### EVAL RESULT: 0.620, 0.959, 0.982, 0.992 at 4
08/06 04:09:26:  ### BEST RESULT: 0.620, 0.959, 0.982, 0.992 at 4
08/06 04:09:45:  epoch 8, loss: 32.35009571491743
08/06 04:10:06:  Eval loss: 25.990055790653937, Eval time: 15.342062
08/06 04:10:06:  ### EVAL RESULT: 0.635, 0.967, 0.985, 0.993 at 8
08/06 04:10:06:  ### BEST RESULT: 0.635, 0.967, 0.985, 0.993 at 8
08/06 04:10:23:  epoch 12, loss: 26.073217141336215
08/06 04:10:46:  Eval loss: 24.09763816550926, Eval time: 15.550115
08/06 04:10:46:  ### EVAL RESULT: 0.642, 0.970, 0.986, 0.995 at 13
08/06 04:10:46:  ### BEST RESULT: 0.642, 0.970, 0.986, 0.995 at 13
08/06 04:11:01:  epoch 16, loss: 23.08376902726817
08/06 04:11:26:  Eval loss: 23.84924542462384, Eval time: 15.435614
08/06 04:11:26:  ### EVAL RESULT: 0.645, 0.969, 0.984, 0.995 at 17
08/06 04:11:26:  ### BEST RESULT: 0.645, 0.969, 0.984, 0.995 at 17
08/06 04:11:38:  epoch 20, loss: 21.566231168989084
08/06 04:12:06:  Eval loss: 23.79443585431134, Eval time: 14.983568
08/06 04:12:06:  ### EVAL RESULT: 0.657, 0.972, 0.986, 0.994 at 22
08/06 04:12:06:  ### BEST RESULT: 0.657, 0.972, 0.986, 0.994 at 22
08/06 04:12:15:  epoch 24, loss: 20.702108047587302
08/06 04:12:47:  Eval loss: 23.83972846137153, Eval time: 16.182685
08/06 04:12:47:  ### EVAL RESULT: 0.645, 0.974, 0.986, 0.996 at 26
08/06 04:12:47:  ### BEST RESULT: 0.657, 0.972, 0.986, 0.994 at 22
08/06 04:12:54:  epoch 28, loss: 20.211220862339758
08/06 04:13:27:  Eval loss: 23.913612648292823, Eval time: 15.368323
08/06 04:13:27:  ### EVAL RESULT: 0.677, 0.975, 0.989, 0.995 at 30
08/06 04:13:27:  ### BEST RESULT: 0.677, 0.975, 0.989, 0.995 at 30
08/06 04:13:31:  epoch 32, loss: 19.881714946177595
08/06 04:14:06:  Eval loss: 24.089622214988427, Eval time: 15.054005
08/06 04:14:06:  ### EVAL RESULT: 0.655, 0.972, 0.989, 0.994 at 35
08/06 04:14:06:  ### BEST RESULT: 0.677, 0.975, 0.989, 0.995 at 30
08/06 04:14:08:  epoch 36, loss: 19.59601462179409
08/06 04:14:30:  epoch 40, loss: 19.369663693060588
08/06 04:14:47:  Eval loss: 24.157301161024307, Eval time: 15.585714
08/06 04:14:47:  ### EVAL RESULT: 0.657, 0.970, 0.988, 0.995 at 39
08/06 04:14:47:  ### BEST RESULT: 0.677, 0.975, 0.989, 0.995 at 30
08/06 04:15:08:  epoch 44, loss: 19.197199267109145
08/06 04:15:27:  Eval loss: 24.39114040798611, Eval time: 16.140235
08/06 04:15:27:  ### EVAL RESULT: 0.661, 0.974, 0.988, 0.994 at 44
08/06 04:15:27:  ### BEST RESULT: 0.677, 0.975, 0.989, 0.995 at 30
08/06 04:15:46:  epoch 48, loss: 19.058698488503097
08/06 04:16:07:  Eval loss: 24.34939236111111, Eval time: 15.259014
08/06 04:16:07:  ### EVAL RESULT: 0.672, 0.974, 0.989, 0.996 at 48
08/06 04:16:07:  ### BEST RESULT: 0.677, 0.975, 0.989, 0.995 at 30
08/06 04:16:24:  epoch 52, loss: 18.920762837331385
08/06 04:16:47:  Eval loss: 24.462352611400462, Eval time: 15.623824
08/06 04:16:47:  ### EVAL RESULT: 0.665, 0.974, 0.988, 0.995 at 53
08/06 04:16:47:  ### BEST RESULT: 0.677, 0.975, 0.989, 0.995 at 30
08/06 04:17:01:  epoch 56, loss: 18.81818466356443
08/06 04:17:28:  Eval loss: 24.739122178819443, Eval time: 15.850520
08/06 04:17:28:  ### EVAL RESULT: 0.659, 0.972, 0.987, 0.994 at 57
08/06 04:17:28:  ### BEST RESULT: 0.677, 0.975, 0.989, 0.995 at 30
08/06 04:17:39:  epoch 60, loss: 18.70221696611502
08/06 04:18:07:  Eval loss: 24.75329363787616, Eval time: 14.976520
08/06 04:18:07:  ### EVAL RESULT: 0.670, 0.974, 0.987, 0.995 at 61
08/06 04:18:07:  ### BEST RESULT: 0.677, 0.975, 0.989, 0.995 at 30
08/06 04:18:17:  epoch 64, loss: 18.62185668095714
08/06 04:18:49:  Eval loss: 24.77887641059028, Eval time: 16.823845
08/06 04:18:49:  ### EVAL RESULT: 0.654, 0.973, 0.987, 0.996 at 66
08/06 04:18:49:  ### BEST RESULT: 0.677, 0.975, 0.989, 0.995 at 30
08/06 04:18:56:  epoch 68, loss: 18.520070723807628
08/06 04:21:25:  Eval loss: 24.87594943576389, Eval time: 127.129169
08/06 04:21:25:  ### EVAL RESULT: 0.688, 0.973, 0.988, 0.995 at 70
08/06 04:21:25:  ### BEST RESULT: 0.688, 0.973, 0.988, 0.995 at 70
08/06 04:21:30:  epoch 72, loss: 18.443279638056765
08/06 04:24:16:  Eval loss: 25.068974247685187, Eval time: 139.526312
08/06 04:24:17:  ### EVAL RESULT: 0.668, 0.971, 0.988, 0.995 at 75
08/06 04:24:17:  ### BEST RESULT: 0.688, 0.973, 0.988, 0.995 at 70
08/06 04:24:19:  epoch 76, loss: 18.38670101463131
08/06 04:24:48:  epoch 80, loss: 18.32799259856974
08/06 04:25:20:  Eval loss: 25.026701750578702, Eval time: 31.385347
08/06 04:25:20:  ### EVAL RESULT: 0.657, 0.971, 0.987, 0.994 at 79
08/06 04:25:20:  ### BEST RESULT: 0.688, 0.973, 0.988, 0.995 at 70
08/06 04:25:49:  epoch 84, loss: 18.25278577401006
08/06 04:26:12:  Eval loss: 25.082505967881943, Eval time: 17.874511
08/06 04:26:12:  ### EVAL RESULT: 0.658, 0.971, 0.988, 0.995 at 84
08/06 04:26:12:  ### BEST RESULT: 0.688, 0.973, 0.988, 0.995 at 70
08/06 04:26:36:  epoch 88, loss: 18.202027272009904
08/06 04:27:02:  Eval loss: 25.13578513816551, Eval time: 17.460053
08/06 04:27:02:  ### EVAL RESULT: 0.659, 0.974, 0.989, 0.995 at 88
08/06 04:27:02:  ### BEST RESULT: 0.688, 0.973, 0.988, 0.995 at 70
08/06 04:27:22:  epoch 92, loss: 18.16237766971036
08/06 04:27:50:  Eval loss: 25.242933485243057, Eval time: 17.076168
08/06 04:27:50:  ### EVAL RESULT: 0.660, 0.972, 0.988, 0.995 at 92
08/06 04:27:50:  ### BEST RESULT: 0.688, 0.973, 0.988, 0.995 at 70
08/06 04:28:08:  epoch 96, loss: 18.094612595233194
08/06 04:28:40:  Eval loss: 25.24663628472222, Eval time: 17.399259
08/06 04:28:40:  ### EVAL RESULT: 0.643, 0.970, 0.987, 0.995 at 97
08/06 04:28:40:  ### BEST RESULT: 0.688, 0.973, 0.988, 0.995 at 70
08/06 04:28:54:  epoch 100, loss: 18.037271257498215
08/06 04:29:29:  Eval loss: 25.23633716724537, Eval time: 17.470092
08/06 04:29:29:  ### EVAL RESULT: 0.675, 0.968, 0.988, 0.994 at 101
08/06 04:29:29:  ### BEST RESULT: 0.688, 0.973, 0.988, 0.995 at 70
08/06 04:29:39:  epoch 104, loss: 18.009196381260928
08/06 04:30:18:  Eval loss: 25.430460611979168, Eval time: 18.203157
08/06 04:30:18:  ### EVAL RESULT: 0.666, 0.972, 0.987, 0.995 at 106
08/06 04:30:18:  ### BEST RESULT: 0.688, 0.973, 0.988, 0.995 at 70
08/06 04:30:26:  epoch 108, loss: 17.961865597153558
08/06 04:31:07:  Eval loss: 25.289012767650462, Eval time: 17.665830
08/06 04:31:07:  ### EVAL RESULT: 0.654, 0.971, 0.986, 0.994 at 110
08/06 04:31:07:  ### BEST RESULT: 0.688, 0.973, 0.988, 0.995 at 70
08/06 04:31:12:  epoch 112, loss: 17.922926129636362
08/06 04:31:55:  Eval loss: 25.473985460069443, Eval time: 16.811402
08/06 04:31:55:  ### EVAL RESULT: 0.668, 0.972, 0.988, 0.994 at 115
08/06 04:31:55:  ### BEST RESULT: 0.688, 0.973, 0.988, 0.995 at 70
08/06 04:31:57:  epoch 116, loss: 17.873957823007835
08/06 04:32:25:  epoch 120, loss: 17.83708348093691
08/06 04:32:44:  Eval loss: 25.44686550564236, Eval time: 17.444959
08/06 04:32:44:  ### EVAL RESULT: 0.670, 0.971, 0.987, 0.994 at 119
08/06 04:32:44:  ### BEST RESULT: 0.688, 0.973, 0.988, 0.995 at 70
08/06 04:33:10:  epoch 124, loss: 17.81220359207527
08/06 04:33:34:  Eval loss: 25.60906982421875, Eval time: 18.121006
08/06 04:33:34:  ### EVAL RESULT: 0.659, 0.968, 0.985, 0.994 at 123
08/06 04:33:34:  ### BEST RESULT: 0.688, 0.973, 0.988, 0.995 at 70
08/06 04:33:57:  epoch 128, loss: 17.77073081936231
08/06 04:34:22:  Eval loss: 25.66021954571759, Eval time: 16.999866
08/06 04:34:22:  ### EVAL RESULT: 0.670, 0.971, 0.987, 0.995 at 128
08/06 04:34:22:  ### BEST RESULT: 0.688, 0.973, 0.988, 0.995 at 70
08/06 04:34:42:  epoch 132, loss: 17.740298455966872
08/06 04:35:12:  Eval loss: 25.6175695348669, Eval time: 18.011100
08/06 04:35:12:  ### EVAL RESULT: 0.653, 0.971, 0.987, 0.994 at 132
08/06 04:35:12:  ### BEST RESULT: 0.688, 0.973, 0.988, 0.995 at 70
08/06 04:35:28:  epoch 136, loss: 17.730282921568058
08/06 04:36:00:  Eval loss: 25.6209875036169, Eval time: 16.873150
08/06 04:36:00:  ### EVAL RESULT: 0.666, 0.968, 0.985, 0.994 at 137
08/06 04:36:00:  ### BEST RESULT: 0.688, 0.973, 0.988, 0.995 at 70
08/06 04:36:13:  epoch 140, loss: 17.676387706153378
08/06 04:36:50:  Eval loss: 25.77448413990162, Eval time: 18.170659
08/06 04:36:50:  ### EVAL RESULT: 0.664, 0.968, 0.987, 0.994 at 141
08/06 04:36:50:  ### BEST RESULT: 0.688, 0.973, 0.988, 0.995 at 70
08/06 04:37:00:  epoch 144, loss: 17.641984629471743
08/06 04:37:38:  Eval loss: 25.721150716145832, Eval time: 16.925813
08/06 04:37:38:  ### EVAL RESULT: 0.662, 0.970, 0.986, 0.994 at 146
08/06 04:37:38:  ### BEST RESULT: 0.688, 0.973, 0.988, 0.995 at 70
08/06 04:37:45:  epoch 148, loss: 17.627527532173957
08/06 04:38:28:  Eval loss: 25.846449110243057, Eval time: 17.885263
08/06 04:38:28:  ### EVAL RESULT: 0.672, 0.970, 0.986, 0.994 at 150
08/06 04:38:28:  ### BEST RESULT: 0.688, 0.973, 0.988, 0.995 at 70
08/06 04:38:32:  epoch 151, loss: 17.601577559133414
08/06 04:39:17:  Eval loss: 25.76436812789352, Eval time: 17.465362
08/06 04:39:17:  ### EVAL RESULT: 0.660, 0.973, 0.986, 0.994 at 154
08/06 04:39:17:  ### BEST RESULT: 0.688, 0.973, 0.988, 0.995 at 70
08/06 04:39:18:  epoch 155, loss: 17.571371864369823
08/06 04:39:46:  epoch 159, loss: 17.549541545604544
08/06 04:40:06:  Eval loss: 25.87565556278935, Eval time: 17.844695
08/06 04:40:06:  ### EVAL RESULT: 0.662, 0.972, 0.985, 0.995 at 159
08/06 04:40:06:  ### BEST RESULT: 0.688, 0.973, 0.988, 0.995 at 70
08/06 04:40:33:  epoch 163, loss: 17.517751948605135
08/06 04:40:57:  Eval loss: 25.805372450086807, Eval time: 17.901233
08/06 04:40:57:  ### EVAL RESULT: 0.657, 0.970, 0.986, 0.995 at 163
08/06 04:40:57:  ### BEST RESULT: 0.688, 0.973, 0.988, 0.995 at 70
08/06 04:41:19:  epoch 167, loss: 17.48196080638996
08/06 04:41:46:  Eval loss: 25.93929714626736, Eval time: 17.969151
08/06 04:41:46:  ### EVAL RESULT: 0.674, 0.970, 0.988, 0.994 at 168
08/06 04:41:46:  ### BEST RESULT: 0.688, 0.973, 0.988, 0.995 at 70
08/06 04:42:05:  epoch 171, loss: 17.469753431052567
08/06 04:42:35:  Eval loss: 25.87752956814236, Eval time: 17.405493
08/06 04:42:35:  ### EVAL RESULT: 0.666, 0.970, 0.985, 0.995 at 172
08/06 04:42:35:  ### BEST RESULT: 0.688, 0.973, 0.988, 0.995 at 70
08/06 04:42:52:  epoch 175, loss: 17.44493036121462
08/06 04:43:25:  Eval loss: 25.858393916377313, Eval time: 17.773921
08/06 04:43:25:  ### EVAL RESULT: 0.655, 0.970, 0.986, 0.995 at 176
08/06 04:43:25:  ### BEST RESULT: 0.688, 0.973, 0.988, 0.995 at 70
08/06 04:43:38:  epoch 179, loss: 17.433667560993698
08/06 04:44:14:  Eval loss: 26.0294031213831, Eval time: 17.517535
08/06 04:44:14:  ### EVAL RESULT: 0.656, 0.967, 0.985, 0.995 at 181
08/06 04:44:14:  ### BEST RESULT: 0.688, 0.973, 0.988, 0.995 at 70
08/06 04:44:24:  epoch 183, loss: 17.390786277159286
08/06 04:45:03:  Eval loss: 26.067640516493057, Eval time: 17.744488
08/06 04:45:03:  ### EVAL RESULT: 0.668, 0.969, 0.986, 0.995 at 185
08/06 04:45:03:  ### BEST RESULT: 0.688, 0.973, 0.988, 0.995 at 70
08/06 04:45:09:  epoch 187, loss: 17.380578417023997
08/06 04:45:52:  Eval loss: 26.170604564525462, Eval time: 17.395786
08/06 04:45:52:  ### EVAL RESULT: 0.656, 0.969, 0.985, 0.994 at 190
08/06 04:45:52:  ### BEST RESULT: 0.688, 0.973, 0.988, 0.995 at 70
08/06 04:45:56:  epoch 191, loss: 17.374964973177836
08/06 04:46:42:  Eval loss: 26.07474320023148, Eval time: 17.854738
08/06 04:46:42:  ### EVAL RESULT: 0.652, 0.969, 0.986, 0.994 at 194
08/06 04:46:42:  ### BEST RESULT: 0.688, 0.973, 0.988, 0.995 at 70
08/06 04:46:42:  epoch 195, loss: 17.354189038011175
08/06 04:47:10:  epoch 199, loss: 17.325759925927244
08/06 04:47:31:  Eval loss: 26.25617133246528, Eval time: 17.661350
08/06 04:47:31:  ### EVAL RESULT: 0.663, 0.968, 0.987, 0.994 at 199
08/06 04:47:31:  ### BEST RESULT: 0.688, 0.973, 0.988, 0.995 at 70
08/06 04:47:56:  epoch 203, loss: 17.304979332836805
08/06 04:48:20:  Eval loss: 26.061964246961807, Eval time: 17.847417
08/06 04:48:20:  ### EVAL RESULT: 0.660, 0.969, 0.986, 0.995 at 203
08/06 04:48:20:  ### BEST RESULT: 0.688, 0.973, 0.988, 0.995 at 70
08/06 04:48:42:  epoch 207, loss: 17.284387197685668
08/06 04:49:09:  Eval loss: 26.16022406684028, Eval time: 17.403357
08/06 04:49:09:  ### EVAL RESULT: 0.650, 0.968, 0.985, 0.995 at 207
08/06 04:49:09:  ### BEST RESULT: 0.688, 0.973, 0.988, 0.995 at 70
08/06 04:49:28:  epoch 211, loss: 17.289958550298135
08/06 04:49:58:  Eval loss: 26.22641330295139, Eval time: 17.783059
08/06 04:49:58:  ### EVAL RESULT: 0.664, 0.969, 0.986, 0.994 at 212
08/06 04:49:58:  ### BEST RESULT: 0.688, 0.973, 0.988, 0.995 at 70
08/06 04:50:13:  epoch 215, loss: 17.271262685015365
08/06 04:50:47:  Eval loss: 26.20263897931134, Eval time: 17.393884
08/06 04:50:47:  ### EVAL RESULT: 0.653, 0.971, 0.986, 0.995 at 216
08/06 04:50:47:  ### BEST RESULT: 0.688, 0.973, 0.988, 0.995 at 70
08/06 04:50:59:  epoch 219, loss: 17.231351578421474
08/06 04:51:35:  Eval loss: 26.2876134801794, Eval time: 17.816499
08/06 04:51:35:  ### EVAL RESULT: 0.663, 0.969, 0.987, 0.995 at 221
08/06 04:51:35:  ### BEST RESULT: 0.688, 0.973, 0.988, 0.995 at 70
08/06 04:51:45:  epoch 223, loss: 17.229609614756697
08/06 04:52:24:  Eval loss: 26.224437572337962, Eval time: 17.253890
08/06 04:52:24:  ### EVAL RESULT: 0.666, 0.967, 0.987, 0.995 at 225
08/06 04:52:24:  ### BEST RESULT: 0.688, 0.973, 0.988, 0.995 at 70
08/06 04:52:30:  epoch 227, loss: 17.20417115523714
08/06 04:53:14:  Eval loss: 26.241694697627313, Eval time: 17.936255
08/06 04:53:14:  ### EVAL RESULT: 0.665, 0.970, 0.986, 0.995 at 230
08/06 04:53:14:  ### BEST RESULT: 0.688, 0.973, 0.988, 0.995 at 70
08/06 04:53:17:  epoch 231, loss: 17.196583953891405
08/06 04:53:45:  epoch 235, loss: 17.17421930351342
08/06 04:54:03:  Eval loss: 26.29369439019097, Eval time: 17.614738
08/06 04:54:03:  ### EVAL RESULT: 0.675, 0.967, 0.984, 0.994 at 234
08/06 04:54:03:  ### BEST RESULT: 0.688, 0.973, 0.988, 0.995 at 70
08/06 04:54:31:  epoch 239, loss: 17.16426224273138
08/06 04:54:52:  Eval loss: 26.28772876880787, Eval time: 17.837489
08/06 04:54:52:  ### EVAL RESULT: 0.659, 0.971, 0.986, 0.994 at 238
08/06 04:54:52:  ### BEST RESULT: 0.688, 0.973, 0.988, 0.995 at 70
08/06 04:55:17:  epoch 243, loss: 17.141452389995347
08/06 04:55:41:  Eval loss: 26.280556007667823, Eval time: 17.276392
08/06 04:55:41:  ### EVAL RESULT: 0.667, 0.968, 0.986, 0.994 at 243
08/06 04:55:41:  ### BEST RESULT: 0.688, 0.973, 0.988, 0.995 at 70
08/06 04:56:02:  epoch 247, loss: 17.138477223487634
08/06 04:56:31:  Eval loss: 26.44056984230324, Eval time: 17.771923
08/06 04:56:31:  ### EVAL RESULT: 0.662, 0.968, 0.985, 0.994 at 247
08/06 04:56:31:  ### BEST RESULT: 0.688, 0.973, 0.988, 0.995 at 70
08/06 04:56:49:  epoch 251, loss: 17.13418509646885
08/06 04:57:19:  Eval loss: 26.391947428385418, Eval time: 17.283314
08/06 04:57:19:  ### EVAL RESULT: 0.671, 0.969, 0.985, 0.995 at 252
08/06 04:57:19:  ### BEST RESULT: 0.688, 0.973, 0.988, 0.995 at 70
08/06 04:57:34:  epoch 255, loss: 17.118412935388644
08/06 04:58:09:  Eval loss: 26.40064154730903, Eval time: 17.916985
08/06 04:58:09:  ### EVAL RESULT: 0.664, 0.967, 0.986, 0.994 at 256
08/06 04:58:09:  ### BEST RESULT: 0.688, 0.973, 0.988, 0.995 at 70
08/06 04:58:20:  epoch 259, loss: 17.108607561922817
08/06 04:58:57:  Eval loss: 26.366529676649307, Eval time: 17.343782
08/06 04:58:57:  ### EVAL RESULT: 0.655, 0.968, 0.985, 0.994 at 261
08/06 04:58:57:  ### BEST RESULT: 0.688, 0.973, 0.988, 0.995 at 70
08/06 04:59:06:  epoch 263, loss: 17.089601236356128
08/06 04:59:47:  Eval loss: 26.372825339988427, Eval time: 17.800621
08/06 04:59:47:  ### EVAL RESULT: 0.669, 0.968, 0.986, 0.993 at 265
08/06 04:59:47:  ### BEST RESULT: 0.688, 0.973, 0.988, 0.995 at 70
08/06 04:59:52:  epoch 267, loss: 17.08747103591273
08/06 05:00:35:  Eval loss: 26.355265299479168, Eval time: 17.298081
08/06 05:00:35:  ### EVAL RESULT: 0.654, 0.969, 0.986, 0.994 at 269
08/06 05:00:35:  ### BEST RESULT: 0.688, 0.973, 0.988, 0.995 at 70
08/06 05:00:37:  epoch 271, loss: 17.0567399791726
08/06 05:01:06:  epoch 275, loss: 17.068879902761072
08/06 05:01:25:  Eval loss: 26.39156539351852, Eval time: 17.757523
08/06 05:01:25:  ### EVAL RESULT: 0.680, 0.968, 0.985, 0.994 at 274
08/06 05:01:25:  ### BEST RESULT: 0.688, 0.973, 0.988, 0.995 at 70
08/06 05:01:52:  epoch 279, loss: 17.03764177165212
08/06 05:02:14:  Eval loss: 26.29728642216435, Eval time: 17.544558
08/06 05:02:14:  ### EVAL RESULT: 0.658, 0.968, 0.985, 0.994 at 278
08/06 05:02:14:  ### BEST RESULT: 0.688, 0.973, 0.988, 0.995 at 70
08/06 05:02:38:  epoch 283, loss: 17.030203133224113
08/06 05:03:03:  Eval loss: 26.35371681495949, Eval time: 17.696075
08/06 05:03:03:  ### EVAL RESULT: 0.653, 0.969, 0.985, 0.994 at 283
08/06 05:03:03:  ### BEST RESULT: 0.688, 0.973, 0.988, 0.995 at 70
08/06 05:03:24:  epoch 287, loss: 17.021777894289826
08/06 05:03:52:  Eval loss: 26.404997649016202, Eval time: 17.287693
08/06 05:03:52:  ### EVAL RESULT: 0.660, 0.968, 0.984, 0.994 at 287
08/06 05:03:52:  ### BEST RESULT: 0.688, 0.973, 0.988, 0.995 at 70
08/06 05:04:10:  epoch 291, loss: 17.036821161452806
08/06 05:04:41:  Eval loss: 26.403236671730323, Eval time: 17.686875
08/06 05:04:41:  ### EVAL RESULT: 0.655, 0.968, 0.985, 0.995 at 292
08/06 05:04:41:  ### BEST RESULT: 0.688, 0.973, 0.988, 0.995 at 70
08/06 05:04:55:  epoch 295, loss: 17.01739835208137
08/06 05:05:30:  Eval loss: 26.389209888599538, Eval time: 17.368541
08/06 05:05:30:  ### EVAL RESULT: 0.664, 0.969, 0.986, 0.994 at 296
08/06 05:05:30:  ### BEST RESULT: 0.688, 0.973, 0.988, 0.995 at 70
08/06 05:05:42:  epoch 299, loss: 17.0076048390106
08/06 05:05:56:   global_step = 33900, average loss = 20.11451777970193
